{"numTotalTestSuites":2,"numPassedTestSuites":2,"numFailedTestSuites":0,"numPendingTestSuites":0,"numTotalTests":5,"numPassedTests":5,"numFailedTests":0,"numPendingTests":0,"numTodoTests":0,"snapshot":{"added":0,"failure":false,"filesAdded":0,"filesRemoved":0,"filesRemovedList":[],"filesUnmatched":0,"filesUpdated":0,"matched":0,"total":0,"unchecked":0,"uncheckedKeysByFile":[],"unmatched":0,"updated":0,"didUpdate":false},"startTime":1790191792380,"success":true,"testResults":[{"assertionResults":[{"ancestorTitles":["ProjectView"],"fullName":"ProjectView renders all available projects in the list view","status":"passed","title":"renders all available projects in the list view","duration":352.49339999999984,"failureMessages":[],"meta":{},"tags":[]},{"ancestorTitles":["ProjectView"],"fullName":"ProjectView defaults new projects to non-coding and allows switching back to coding","status":"passed","title":"defaults new projects to non-coding and allows switching back to coding","duration":83.85300000000007,"failureMessages":[],"meta":{},"tags":[]},{"ancestorTitles":["ProjectView"],"fullName":"ProjectView allows creating a standalone task from the list view without assigning a project","status":"passed","title":"allows creating a standalone task from the list view without assigning a project","duration":171.80220000000008,"failureMessages":[],"meta":{},"tags":[]},{"ancestorTitles":["ProjectView"],"fullName":"ProjectView opens the task modal for a project row even when the project id is a non-string value","status":"passed","title":"opens the task modal for a project row even when the project id is a non-string value","duration":197.5576999999994,"failureMessages":[],"meta":{},"tags":[]},{"ancestorTitles":["ProjectView"],"fullName":"ProjectView sends a numeric projectId when creating a task from a project modal","status":"passed","title":"sends a numeric projectId when creating a task from a project modal","duration":232.26530000000002,"failureMessages":[],"meta":{},"tags":[]}],"startTime":1790191796530,"endTime":1790191797568.2654,"status":"passed","message":"","name":"C:/Users/el jeffe/OneDrive/Bureau/Projects/smart-task-manager/frontend/frontend/src/components/ProjectView.test.tsx"}]}