{"numTotalTestSuites":2,"numPassedTestSuites":0,"numFailedTestSuites":2,"numPendingTestSuites":0,"numTotalTests":5,"numPassedTests":1,"numFailedTests":4,"numPendingTests":0,"numTodoTests":0,"snapshot":{"added":0,"failure":false,"filesAdded":0,"filesRemoved":0,"filesRemovedList":[],"filesUnmatched":0,"filesUpdated":0,"matched":0,"total":0,"unchecked":0,"uncheckedKeysByFile":[],"unmatched":0,"updated":0,"didUpdate":false},"startTime":1790127199291,"success":false,"testResults":[{"assertionResults":[{"ancestorTitles":["ProjectView"],"fullName":"ProjectView renders all available projects in the list view","status":"passed","title":"renders all available projects in the list view","duration":186.19810000000007,"failureMessages":[],"meta":{},"tags":[]},{"ancestorTitles":["ProjectView"],"fullName":"ProjectView supports non-coding projects with description, category, and end date fields","status":"failed","title":"supports non-coding projects with description, category, and end date fields","duration":140.15020000000004,"failureMessages":["TestingLibraryElementError: Found multiple elements with the role \"button\" and name `/add project/i`\n\nHere are the matching elements:\n\nIgnored nodes: comments, script, style\n\u001b[36m<button\u001b[39m\n  \u001b[33mclass\u001b[39m=\u001b[32m\"task-editor-submit\"\u001b[39m\n  \u001b[33mstyle\u001b[39m=\u001b[32m\"white-space: nowrap;\"\u001b[39m\n  \u001b[33mtype\u001b[39m=\u001b[32m\"submit\"\u001b[39m\n\u001b[36m>\u001b[39m\n  \u001b[0mAdd project\u001b[0m\n\u001b[36m</button>\u001b[39m\n\nIgnored nodes: comments, script, style\n\u001b[36m<button\u001b[39m\n  \u001b[33mclass\u001b[39m=\u001b[32m\"task-editor-submit\"\u001b[39m\n  \u001b[33mstyle\u001b[39m=\u001b[32m\"white-space: nowrap;\"\u001b[39m\n  \u001b[33mtype\u001b[39m=\u001b[32m\"submit\"\u001b[39m\n\u001b[36m>\u001b[39m\n  \u001b[0mAdd project\u001b[0m\n\u001b[36m</button>\u001b[39m\n\n(If this is intentional, then use the `*AllBy*` variant of the query (like `queryAllByText`, `getAllByText`, or `findAllByText`)).\n\nIgnored nodes: comments, script, style\n\u001b[36m<body>\u001b[39m\n  \u001b[36m<div>\u001b[39m\n    \u001b[36m<section\u001b[39m\n      \u001b[33mclass\u001b[39m=\u001b[32m\"project-view\"\u001b[39m\n    \u001b[36m>\u001b[39m\n      \u001b[36m<div\u001b[39m\n        \u001b[33mclass\u001b[39m=\u001b[32m\"project-view-header\"\u001b[39m\n      \u001b[36m>\u001b[39m\n        \u001b[36m<h2\u001b[39m\n          \u001b[33mclass\u001b[39m=\u001b[32m\"project-view-title\"\u001b[39m\n        \u001b[36m>\u001b[39m\n          \u001b[0mProject view\u001b[0m\n        \u001b[36m</h2>\u001b[39m\n      \u001b[36m</div>\u001b[39m\n      \u001b[36m<form\u001b[39m\n        \u001b[33mclass\u001b[39m=\u001b[32m\"task-editor-fields project-view-form\"\u001b[39m\n        \u001b[33mstyle\u001b[39m=\u001b[32m\"grid-template-columns: 18fr 28fr 12fr 12fr 30fr auto;\"\u001b[39m\n      \u001b[36m>\u001b[39m\n        \u001b[36m<div\u001b[39m\n          \u001b[33mclass\u001b[39m=\u001b[32m\"task-editor-field\"\u001b[39m\n        \u001b[36m>\u001b[39m\n          \u001b[36m<label\u001b[39m\n            \u001b[33mfor\u001b[39m=\u001b[32m\"project-name\"\u001b[39m\n          \u001b[36m>\u001b[39m\n            \u001b[0mProject name\u001b[0m\n          \u001b[36m</label>\u001b[39m\n          \u001b[36m<input\u001b[39m\n            \u001b[33mclass\u001b[39m=\u001b[32m\"task-editor-input\"\u001b[39m\n            \u001b[33mid\u001b[39m=\u001b[32m\"project-name\"\u001b[39m\n            \u001b[33mplaceholder\u001b[39m=\u001b[32m\"My project\"\u001b[39m\n            \u001b[33mtype\u001b[39m=\u001b[32m\"text\"\u001b[39m\n            \u001b[33mvalue\u001b[39m=\u001b[32m\"Theatre production\"\u001b[39m\n          \u001b[36m/>\u001b[39m\n        \u001b[36m</div>\u001b[39m\n        \u001b[36m<div\u001b[39m\n          \u001b[33mclass\u001b[39m=\u001b[32m\"task-editor-field\"\u001b[39m\n        \u001b[36m>\u001b[39m\n          \u001b[36m<label\u001b[39m\n            \u001b[33mfor\u001b[39m=\u001b[32m\"project-type\"\u001b[39m\n          \u001b[36m>\u001b[39m\n            \u001b[0mProject type\u001b[0m\n          \u001b[36m</label>\u001b[39m\n          \u001b[36m<select\u001b[39m\n            \u001b[33mclass\u001b[39m=\u001b[32m\"task-editor-input\"\u001b[39m\n            \u001b[33mid\u001b[39m=\u001b[32m\"project-type\"\u001b[39m\n          \u001b[36m>\u001b[39m\n            \u001b[36m<option\u001b[39m\n              \u001b[33mvalue\u001b[39m=\u001b[32m\"CODING\"\u001b[39m\n            \u001b[36m>\u001b[39m\n              \u001b[0mCoding project\u001b[0m\n            \u001b[36m</option>\u001b[39m\n            \u001b[36m<option\u001b[39m\n              \u001b[33mvalue\u001b[39m=\u001b[32m\"NON_CODING\"\u001b[39m\n            \u001b[36m>\u001b[39m\n              \u001b[0mNon-coding project\u001b[0m\n            \u001b[36m</option>\u001b[39m\n          \u001b[36m</select>\u001b[39m\n        \u001b[36m</div>\u001b[39m\n        \u001b[36m<div\u001b[39m\n          \u001b[33mclass\u001b[39m=\u001b[32m\"task-editor-field\"\u001b[39m\n        \u001b[36m>\u001b[39m\n          \u001b[36m<label\u001b[39m\n            \u001b[33mfor\u001b[39m=\u001b[32m\"project-description\"\u001b[39m\n          \u001b[36m>\u001b[39m\n            \u001b[0mDescription\u001b[0m\n          \u001b[36m</label>\u001b[39m\n          \u001b[36m<input\u001b[39m\n            \u001b[33mclass\u001b[39m=\u001b[32m\"task-editor-input\"\u001b[39m\n            \u001b[33mid\u001b[39m=\u001b[32m\"project-description\"\u001b[39m\n            \u001b[33mplaceholder\u001b[39m=\u001b[32m\"Project overview and goals\"\u001b[39m\n            \u001b[33mtype\u001b[39m=\u001b[32m\"text\"\u001b[39m\n            \u001b[33mvalue\u001b[39m=\u001b[32m\"Prepare the fall show.\"\u001b[39m\n          \u001b[36m/>\u001b[39m\n        \u001b[36m</div>\u001b[39m\n        \u001b[36m<div\u001b[39m\n          \u001b[33mclass\u001b[39m=\u001b[32m\"task-editor-field\"\u001b[39m\n        \u001b[36m>\u001b[39m\n          \u001b[36m<label\u001b[39m\n            \u001b[33mfor\u001b[39m=\u001b[32m\"project-category\"\u001b[39m\n          \u001b[36m>\u001b[39m\n            \u001b[0mProject category\u001b[0m\n          \u001b[36m</label>\u001b[39m\n          \u001b[36m<input\u001b[39m\n            \u001b[33mclass\u001b[39m=\u001b[32m\"task-editor-input\"\u001b[39m\n            \u001b[33mid\u001b[39m=\u001b[32m\"project-category\"\u001b[39m\n            \u001b[33mplaceholder\u001b[39m=\u001b[32m\"Theatre\"\u001b[39m\n            \u001b[33mtype\u001b[39m=\u001b[32m\"text\"\u001b[39m\n            \u001b[33mvalue\u001b[39m=\u001b[32m\"Theatre\"\u001b[39m\n          \u001b[36m/>\u001b[39m\n        \u001b[36m</div>\u001b[39m\n        \u001b[36m<div\u001b[39m\n          \u001b[33mclass\u001b[39m=\u001b[32m\"task-editor-field\"\u001b[39m\n        \u001b[36m>\u001b[39m\n          \u001b[36m<label\u001b[39m\n            \u001b[33mfor\u001b[39m=\u001b[32m\"project-end-date\"\u001b[39m\n          \u001b[36m>\u001b[39m\n            \u001b[0mEnd date\u001b[0m\n          \u001b[36m</label>\u001b[39m\n          \u001b[36m<input\u001b[39m\n            \u001b[33mclass\u001b[39m=\u001b[32m\"task-editor-input\"\u001b[39m\n            \u001b[33mid\u001b[39m=\u001b[32m\"project-end-date\"\u001b[39m\n            \u001b[33mtype\u001b[39m=\u001b[32m\"date\"\u001b[39m\n            \u001b[33mvalue\u001b[39m=\u001b[32m\"2026-10-15\"\u001b[39m\n          \u001b[36m/>\u001b[39m\n        \u001b[36m</div>\u001b[39m\n        \u001b[36m<button\u001b[39m\n          \u001b[33mclass\u001b[39m=\u001b[32m\"task-editor-submit\"\u001b[39m\n          \u001b[33mstyle\u001b[39m=\u001b[32m\"white-space: nowrap;\"\u001b[39m\n          \u001b[33mtype\u001b[39m=\u001b[32m\"submit\"\u001b[39m\n        \u001b[36m>\u001b[39m\n          \u001b[0mAdd project\u001b[0m\n        \u001b[36m</button>\u001b[39m\n      \u001b[36m</form>\u001b[39m\n      \u001b[36m<div\u001b[39m\n        \u001b[33mclass\u001b[39m=\u001b[32m\"project-view-table-wrapper\"\u001b[39m\n      \u001b[36m>\u001b[39m\n        \u001b[36m<table\u001b[39m\n          \u001b[33mclass\u001b[39m=\u001b[32m\"project-view-table\"\u001b[39m\n          \u001b[33mrole\u001b[39m=\u001b[32m\"table\"\u001b[39m\n        \u001b[36m>\u001b[39m\n          \u001b[36m<colgroup>\u001b[39m\n            \u001b[36m<col\u001b[39m\n              \u001b[33mstyle\u001b[39m=\u001b[32m\"width: 18%;\"\u001b[39m\n            \u001b[36m/>\u001b[39m\n            \u001b[36m<col\u001b[39m\n              \u001b[33mstyle\u001b[39m=\u001b[32m\"width: 28%;\"\u001b[39m\n            \u001b[36m/>\u001b[39m\n            \u001b[36m<col\u001b[39m\n              \u001b[33mstyle\u001b[39m=\u001b[32m\"width: 12%;\"\u001b[39m\n            \u001b[36m/>\u001b[39m\n            \u001b[36m<col\u001b[39m\n              \u001b[33mstyle\u001b[39m=\u001b[32m\"width: 12%;\"\u001b[39m\n            \u001b[36m/>\u001b[39m\n            \u001b[36m<col\u001b[39m\n              \u001b[33mstyle\u001b[39m=\u001b[32m\"width: 30%;\"\u001b[39m\n            \u001b[36m/>\u001b[39m\n          \u001b[36m</colgroup>\u001b[39m\n          \u001b[36m<thead>\u001b[39m\n            \u001b[36m<tr>\u001b[39m\n              \u001b[36m<th>\u001b[39m\n                \u001b[0mProject\u001b[0m\n              \u001b[36m</th>\u001b[39m\n              \u001b[36m<th>\u001b[39m\n                \u001b[0mRepository / Path\u001b[0m\n              \u001b[36m</th>\u001b[39m\n              \u001b[36m<th>\u001b[39m\n                \u001b[0mGitHub\u001b[0m\n              \u001b[36m</th>\u001b[39m\n              \u001b[36m<th>\u001b[39m\n                \u001b[0mBranch\u001b[0m\n              \u001b[36m</th>\u001b[39m\n              \u001b[36m<th>\u001b[39m\n                \u001b[0mTask\u001b[0m\n              \u001b[36m</th>\u001b[39m\n            \u001b[36m</tr>\u001b[39m\n          \u001b[36m</thead>\u001b[39m\n          \u001b[36m<tbody>\u001b[39m\n            \u001b[36m<tr>\u001b[39m\n              \u001b[36m<td>\u001b[39m\n                \u001b[36m<strong>\u001b[39m\n                  \u001b[0mBackend API\u001b[0m\n                \u001b[36m</strong>\u001b[39m\n              \u001b[36m</td>\u001b[39m\n              \u001b[36m<td>\u001b[39m\n                \u001b[0mhttps://github.com/acme/backend.git\u001b[0m\n              \u001b[36m</td>\u001b[39m\n              \u001b[36m<td>\u001b[39m\n                \u001b[0m—\u001b[0m\n              \u001b[36m</td>\u001b[39m\n              \u001b[36m<td>\u001b[39m\n                \u001b[0mmain\u001b[0m\n              \u001b[36m</td>\u001b[39m\n              \u001b[36m<td>\u001b[39m\n                \u001b[36m<div\u001b[39m\n                  \u001b[33mstyle\u001b[39m=\u001b[32m\"display: flex; align-items: center; gap: 8px; flex-wrap: wrap;\"\u001b[39m\n                \u001b[36m>\u001b[39m\n                  \u001b[36m<span\u001b[39m\n                    \u001b[33mstyle\u001b[39m=\u001b[32m\"min-width: 3ch; font-weight: 600; color: rgb(45, 55, 72);\"\u001b[39m\n                  \u001b[36m>\u001b[39m\n                    \u001b[0m0 tasks\u001b[0m\n                  \u001b[36m</span>\u001b[39m\n                  \u001b[36m<button\u001b[39m\n                    \u001b[33maria-label\u001b[39m=\u001b[32m\"Create task for Backend API\"\u001b[39m\n                    \u001b[33mclass\u001b[39m=\u001b[32m\"task-editor-submit\"\u001b[39m\n                    \u001b[33mtype\u001b[39m=\u001b[32m\"button\"\u001b[39m\n                  \u001b[36m>\u001b[39m\n                    \u001b[0mCreate task\u001b[0m\n                  \u001b[36m</button>\u001b[39m\n                \u001b[36m</div>\u001b[39m\n              \u001b[36m</td>\u001b[39m\n            \u001b[36m</tr>\u001b[39m\n            \u001b[36m<tr>\u001b[39m\n              \u001b[36m<td>\u001b[39m\n                \u001b[36m<strong>\u001b[39m\n                  \u001b[0mLocal docs\u001b[0m\n                \u001b[36m</strong>\u001b[39m\n              \u001b[36m</td>\u001b[39m\n              \u001b[36m<td>\u001b[39m\n                \u001b[0m/workspace/docs\u001b[0m\n              \u001b[36m</td>\u001b[39m\n              \u001b[36m<td>\u001b[39m\n                \u001b[0m—\u001b[0m\n              \u001b[36m</td>\u001b[39m\n              \u001b[36m<td>\u001b[39m\n                \u001b[0mdev\u001b[0m\n              \u001b[36m</td>\u001b[39m\n              \u001b[36m<td>\u001b[39m\n                \u001b[36m<div\u001b[39m\n                  \u001b[33mstyle\u001b[39m=\u001b[32m\"display: flex; align-items: center; gap: 8px; flex-wrap: wrap;\"\u001b[39m\n                \u001b[36m>\u001b[39m\n                  \u001b[36m<span\u001b[39m\n                    \u001b[33mstyle\u001b[39m=\u001b[32m\"min-width: 3ch; font-weight: 600; color: rgb(45, 55, 72);\"\u001b[39m\n                  \u001b[36m>\u001b[39m\n                    \u001b[0m0 tasks\u001b[0m\n                  \u001b[36m</span>\u001b[39m\n                  \u001b[36m<button\u001b[39m\n                    \u001b[33maria-label\u001b[39m=\u001b[32m\"Create task for Local docs\"\u001b[39m\n                    \u001b[33mclass\u001b[39m=\u001b[32m\"task-editor-submit\"\u001b[39m\n                    \u001b[33mtype\u001b[39m=\u001b[32m\"button\"\u001b[39m\n                  \u001b[36m>\u001b[39m\n                    \u001b[0mCreate task\u001b[0m\n                  \u001b[36m</button>\u001b[39m\n                \u001b[36m</div>\u001b[39m\n              \u001b[36m</td>\u001b[39m\n            \u001b[36m</tr>\u001b[39m\n          \u001b[36m</tbody>\u001b[39m\n        \u001b[36m</table>\u001b[39m\n      \u001b[36m</div>\u001b[39m\n    \u001b[36m</section>\u001b[39m\n  \u001b[36m</div>\u001b[39m\n  \u001b[36m<div>\u001b[39m\n    \u001b[36m<section\u001b[39m\n      \u001b[33mclass\u001b[39m=\u001b[32m\"project-view\"\u001b[39m\n    \u001b[36m>\u001b[39m\n      \u001b[36m<div\u001b[39m\n        \u001b[33mclass\u001b[39m=\u001b[32m\"project-view-header\"\u001b[39m\n      \u001b[36m>\u001b[39m\n        \u001b[36m<h2\u001b[39m\n          \u001b[33mclass\u001b[39m=\u001b[32m\"project-view-title\"\u001b[39m\n        \u001b[36m>\u001b[39m\n          \u001b[0mProject view\u001b[0m\n        \u001b[36m</h2>\u001b[39m\n      \u001b[36m</div>\u001b[39m\n      \u001b[36m<form\u001b[39m\n        \u001b[33mclass\u001b[39m=\u001b[32m\"task-editor-fields project-view-form\"\u001b[39m\n        \u001b[33mstyle\u001b[39m=\u001b[32m\"grid-template-columns: 18fr 28fr 12fr 12fr 30fr auto;\"\u001b[39m\n      \u001b[36m>\u001b[39m\n        \u001b[36m<div\u001b[39m\n          \u001b[33mclass\u001b[39m=\u001b[32m\"task-editor-field\"\u001b[39m\n        \u001b[36m>\u001b[39m\n          \u001b[36m<label\u001b[39m\n            \u001b[33mfor\u001b[39m=\u001b[32m\"project-name\"\u001b[39m\n          \u001b[36m>\u001b[39m\n            \u001b[0mProject name\u001b[0m\n          \u001b[36m</label>\u001b[39m\n          \u001b[36m<input\u001b[39m\n            \u001b[33mclass\u001b[39m=\u001b[32m\"task-editor-input\"\u001b[39m\n            \u001b[33mid\u001b[39m=\u001b[32m\"project-name\"\u001b[39m\n            \u001b[33mplaceholder\u001b[39m=\u001b[32m\"My project\"\u001b[39m\n            \u001b[33mtype\u001b[39m=\u001b[32m\"text\"\u001b[39m\n            \u001b[33mvalue\u001b[39m=\u001b[32m\"\"\u001b[39m\n          \u001b[36m/>\u001b[39m\n        \u001b[36m</div>\u001b[39m\n        \u001b[36m<div\u001b[39m\n          \u001b[33mclass\u001b[39m=\u001b[32m\"task-editor-field\"\u001b[39m\n        \u001b[36m>\u001b[39m\n          \u001b[36m<label\u001b[39m\n            \u001b[33mfor\u001b[39m=\u001b[32m\"project-type\"\u001b[39m\n          \u001b[36m>\u001b[39m\n            \u001b[0mProject type\u001b[0m\n          \u001b[36m</label>\u001b[39m\n          \u001b[36m<select\u001b[39m\n            \u001b[33mclass\u001b[39m=\u001b[32m\"task-editor-input\"\u001b[39m\n            \u001b[33mid\u001b[39m=\u001b[32m\"project-type\"\u001b[39m\n          \u001b[36m>\u001b[39m\n            \u001b[36m<option\u001b[39m\n              \u001b[33mvalue\u001b[39m=\u001b[32m\"CODING\"\u001b[39m\n            \u001b[36m>\u001b[39m\n              \u001b[0mCoding project\u001b[0m\n            \u001b[36m</option>\u001b[39m\n            \u001b[36m<option\u001b[39m\n              \u001b[33mvalue\u001b[39m=\u001b[32m\"NON_CODING\"\u001b[39m\n            \u001b[36m>\u001b[39m\n              \u001b[0mNon-coding project\u001b[0m\n            \u001b[36m</option>\u001b[39m\n          \u001b[36m</select>\u001b[39m\n        \u001b[36m</div>\u001b[39m\n        \u001b[36m<div\u001b[39m\n          \u001b[33mclass\u001b[39m=\u001b[32m\"task-editor-field\"\u001b[39m\n        \u001b[36m>\u001b[39m\n          \u001b[36m<label\u001b[39m\n            \u001b[33mfor\u001b[39m=\u001b[32m\"project-repository-url\"\u001b[39m\n          \u001b[36m>\u001b[39m\n            \u001b[0mGit repository URL\u001b[0m\n          \u001b[36m</label>\u001b[39m\n          \u001b[36m<input\u001b[39m\n            \u001b[33mclass\u001b[39m=\u001b[32m\"task-editor-input\"\u001b[39m\n            \u001b[33mid\u001b[39m=\u001b[32m\"project-repository-url\"\u001b[39m\n            \u001b[33mplaceholder\u001b[39m=\u001b[32m\"https://github.com/user/repo.git\"\u001b[39m\n            \u001b[33mtype\u001b[39m=\u001b[32m\"text\"\u001b[39m\n            \u001b[33mvalue\u001b[39m=\u001b[32m\"\"\u001b[39m\n          \u001b[36m/>\u001b[39m\n        \u001b[36m</div>\u001b[39m\n        \u001b[36m<div\u001b[39m\n          \u001b[33mclass\u001b[39m=\u001b[32m\"task-editor-field\"\u001b[39m\n        \u001b[36m>\u001b[39m\n          \u001b[36m<label\u001b[39m\n            \u001b[33mfor\u001b[39m=\u001b[32m\"project-github-account\"\u001b[39m\n          \u001b[36m>\u001b[39m\n            \u001b[0mGitHub account\u001b[0m\n          \u001b[36m</label>\u001b[39m\n          \u001b[36m<input\u001b[39m\n            \u001b[33mclass\u001b[39m=\u001b[32m\"task-editor-input\"\u001b[39m\n            \u001b[33mid\u001b[39m=\u001b[32m\"project-github-account\"\u001b[39m\n            \u001b[33mplaceholder\u001b[39m=\u001b[32m\"octocat\"\u001b[39m\n            \u001b[33mtype\u001b[39m=\u001b[32m\"text\"\u001b[39m\n            \u001b[33mvalue\u001b[39m=\u001b[32m\"\"\u001b[39m\n          \u001b[36m/>\u001b[39m\n        \u001b[36m</div>\u001b[39m\n        \u001b[36m<div\u001b[39m\n          \u001b[33mclass\u001b[39m=\u001b[32m\"task-editor-field\"\u001b[39m\n        \u001b[36m>\u001b[39m\n          \u001b[36m<label\u001b[39m\n            \u001b[33mfor\u001b[39m=\u001b[32m\"project-local-path\"\u001b[39m\n          \u001b[36m>\u001b[39m\n            \u001b[0mLocal folder path\u001b[0m\n          \u001b[36m</label>\u001b[39m\n          \u001b[36m<input\u001b[39m\n            \u001b[33mclass\u001b[39m=\u001b[32m\"task-editor-input\"\u001b[39m\n            \u001b[33mid\u001b[39m=\u001b[32m\"project-local-path\"\u001b[39m\n            \u001b[33mplaceholder\u001b[39m=\u001b[32m\"/workspace/my-project\"\u001b[39m\n            \u001b[33mtype\u001b[39m=\u001b[32m\"text\"\u001b[39m\n            \u001b[33mvalue\u001b[39m=\u001b[32m\"\"\u001b[39m\n          \u001b[36m/>\u001b[39m\n        \u001b[36m</div>\u001b[39m\n        \u001b[36m<div\u001b[39m\n          \u001b[33mclass\u001b[39m=\u001b[32m\"task-editor-field\"\u001b[39m\n        \u001b[36m>\u001b[39m\n          \u001b[36m<label\u001b[39m\n            \u001b[33mfor\u001b[39m=\u001b[32m\"project-branch\"\u001b[39m\n          \u001b[36m>\u001b[39m\n            \u001b[0mBranch\u001b[0m\n          \u001b[36m</label>\u001b[39m\n          \u001b[36m<input\u001b[39m\n            \u001b[33mclass\u001b[39m=\u001b[32m\"task-editor-input\"\u001b[39m\n            \u001b[33mid\u001b[39m=\u001b[32m\"project-branch\"\u001b[39m\n            \u001b[33mplaceholder\u001b[39m=\u001b[32m\"main\"\u001b[39m\n            \u001b[33mtype\u001b[39m=\u001b[32m\"text\"\u001b[39m\n            \u001b[33mvalue\u001b[39m=\u001b[32m\"main\"\u001b[39m\n          \u001b[36m/>\u001b[39m\n        \u001b[36m</div>\u001b[39m\n        \u001b[36m<button\u001b[39m\n          \u001b[33mclass\u001b[39m=\u001b[32m\"task-editor-submit\"\u001b[39m\n          \u001b[33mstyle\u001b[39m=\u001b[32m\"white-space: nowrap;\"\u001b[39m\n          \u001b[33mtype\u001b[39m=\u001b[32m\"submit\"\u001b[39m\n        \u001b[36m>\u001b[39m\n          \u001b[0mAdd project\u001b[0m\n        \u001b[36m</button>\u001b[39m\n      \u001b[36m</form>\u001b[39m\n      \u001b[36m<p>\u001b[39m\n        \u001b[0mLoading projects…\u001b[0m\n      \u001b[36m</p>\u001b[39m\n    \u001b[36m</section>\u001b[39m\n  \u001b[36m</div>\u001b[39m\n\u001b[36m</body>\u001b[39m\n    at Object.getElementError (C:\\Users\\el jeffe\\OneDrive\\Bureau\\Projects\\smart-task-manager\\frontend\\frontend\\node_modules\\@testing-library\\dom\\dist\\config.js:37:19)\n    at getElementError (C:\\Users\\el jeffe\\OneDrive\\Bureau\\Projects\\smart-task-manager\\frontend\\frontend\\node_modules\\@testing-library\\dom\\dist\\query-helpers.js:20:35)\n    at getMultipleElementsFoundError (C:\\Users\\el jeffe\\OneDrive\\Bureau\\Projects\\smart-task-manager\\frontend\\frontend\\node_modules\\@testing-library\\dom\\dist\\query-helpers.js:23:10)\n    at C:\\Users\\el jeffe\\OneDrive\\Bureau\\Projects\\smart-task-manager\\frontend\\frontend\\node_modules\\@testing-library\\dom\\dist\\query-helpers.js:55:13\n    at C:\\Users\\el jeffe\\OneDrive\\Bureau\\Projects\\smart-task-manager\\frontend\\frontend\\node_modules\\@testing-library\\dom\\dist\\query-helpers.js:95:19\n    at C:/Users/el jeffe/OneDrive/Bureau/Projects/smart-task-manager/frontend/frontend/src/components/ProjectView.test.tsx:57:28\n    at file:///C:/Users/el%20jeffe/OneDrive/Bureau/Projects/smart-task-manager/frontend/frontend/node_modules/@vitest/runner/dist/chunk-artifact.js:302:11\n    at file:///C:/Users/el%20jeffe/OneDrive/Bureau/Projects/smart-task-manager/frontend/frontend/node_modules/@vitest/runner/dist/chunk-artifact.js:1903:26\n    at file:///C:/Users/el%20jeffe/OneDrive/Bureau/Projects/smart-task-manager/frontend/frontend/node_modules/@vitest/runner/dist/chunk-artifact.js:2326:20\n    at new Promise (<anonymous>)"],"meta":{},"tags":[]},{"ancestorTitles":["ProjectView"],"fullName":"ProjectView allows creating a standalone task from the list view without assigning a project","status":"failed","title":"allows creating a standalone task from the list view without assigning a project","duration":1048.0633000000003,"failureMessages":["TestingLibraryElementError: Unable to find an accessible element with the role \"button\" and name `/^create task$/i`\n\nHere are the accessible roles:\n\n  heading:\n\n  Name \"Project view\":\n  \u001b[36m<h2\u001b[39m\n    \u001b[33mclass\u001b[39m=\u001b[32m\"project-view-title\"\u001b[39m\n  \u001b[36m/>\u001b[39m\n\n  --------------------------------------------------\n  textbox:\n\n  Name \"Project name Project name Project name\":\n  \u001b[36m<input\u001b[39m\n    \u001b[33mclass\u001b[39m=\u001b[32m\"task-editor-input\"\u001b[39m\n    \u001b[33mid\u001b[39m=\u001b[32m\"project-name\"\u001b[39m\n    \u001b[33mplaceholder\u001b[39m=\u001b[32m\"My project\"\u001b[39m\n    \u001b[33mtype\u001b[39m=\u001b[32m\"text\"\u001b[39m\n    \u001b[33mvalue\u001b[39m=\u001b[32m\"Theatre production\"\u001b[39m\n  \u001b[36m/>\u001b[39m\n\n  Name \"Description\":\n  \u001b[36m<input\u001b[39m\n    \u001b[33mclass\u001b[39m=\u001b[32m\"task-editor-input\"\u001b[39m\n    \u001b[33mid\u001b[39m=\u001b[32m\"project-description\"\u001b[39m\n    \u001b[33mplaceholder\u001b[39m=\u001b[32m\"Project overview and goals\"\u001b[39m\n    \u001b[33mtype\u001b[39m=\u001b[32m\"text\"\u001b[39m\n    \u001b[33mvalue\u001b[39m=\u001b[32m\"Prepare the fall show.\"\u001b[39m\n  \u001b[36m/>\u001b[39m\n\n  Name \"Project category\":\n  \u001b[36m<input\u001b[39m\n    \u001b[33mclass\u001b[39m=\u001b[32m\"task-editor-input\"\u001b[39m\n    \u001b[33mid\u001b[39m=\u001b[32m\"project-category\"\u001b[39m\n    \u001b[33mplaceholder\u001b[39m=\u001b[32m\"Theatre\"\u001b[39m\n    \u001b[33mtype\u001b[39m=\u001b[32m\"text\"\u001b[39m\n    \u001b[33mvalue\u001b[39m=\u001b[32m\"Theatre\"\u001b[39m\n  \u001b[36m/>\u001b[39m\n\n  --------------------------------------------------\n  combobox:\n\n  Name \"Project type Project type Project type\":\n  \u001b[36m<select\u001b[39m\n    \u001b[33mclass\u001b[39m=\u001b[32m\"task-editor-input\"\u001b[39m\n    \u001b[33mid\u001b[39m=\u001b[32m\"project-type\"\u001b[39m\n  \u001b[36m/>\u001b[39m\n\n  --------------------------------------------------\n  option:\n\n  Name \"Coding project\":\n  \u001b[36m<option\u001b[39m\n    \u001b[33mvalue\u001b[39m=\u001b[32m\"CODING\"\u001b[39m\n  \u001b[36m/>\u001b[39m\n\n  Name \"Non-coding project\":\n  \u001b[36m<option\u001b[39m\n    \u001b[33mvalue\u001b[39m=\u001b[32m\"NON_CODING\"\u001b[39m\n  \u001b[36m/>\u001b[39m\n\n  --------------------------------------------------\n  button:\n\n  Name \"Add project\":\n  \u001b[36m<button\u001b[39m\n    \u001b[33mclass\u001b[39m=\u001b[32m\"task-editor-submit\"\u001b[39m\n    \u001b[33mstyle\u001b[39m=\u001b[32m\"white-space: nowrap;\"\u001b[39m\n    \u001b[33mtype\u001b[39m=\u001b[32m\"submit\"\u001b[39m\n  \u001b[36m/>\u001b[39m\n\n  Name \"Create task for Backend API\":\n  \u001b[36m<button\u001b[39m\n    \u001b[33maria-label\u001b[39m=\u001b[32m\"Create task for Backend API\"\u001b[39m\n    \u001b[33mclass\u001b[39m=\u001b[32m\"task-editor-submit\"\u001b[39m\n    \u001b[33mtype\u001b[39m=\u001b[32m\"button\"\u001b[39m\n  \u001b[36m/>\u001b[39m\n\n  Name \"Create task for Local docs\":\n  \u001b[36m<button\u001b[39m\n    \u001b[33maria-label\u001b[39m=\u001b[32m\"Create task for Local docs\"\u001b[39m\n    \u001b[33mclass\u001b[39m=\u001b[32m\"task-editor-submit\"\u001b[39m\n    \u001b[33mtype\u001b[39m=\u001b[32m\"button\"\u001b[39m\n  \u001b[36m/>\u001b[39m\n\n  --------------------------------------------------\n  table:\n\n  Name \"\":\n  \u001b[36m<table\u001b[39m\n    \u001b[33mclass\u001b[39m=\u001b[32m\"project-view-table\"\u001b[39m\n    \u001b[33mrole\u001b[39m=\u001b[32m\"table\"\u001b[39m\n  \u001b[36m/>\u001b[39m\n\n  --------------------------------------------------\n  rowgroup:\n\n  Name \"\":\n  \u001b[36m<thead />\u001b[39m\n\n  Name \"\":\n  \u001b[36m<tbody />\u001b[39m\n\n  --------------------------------------------------\n  row:\n\n  Name \"Project Repository / Path GitHub Branch Task\":\n  \u001b[36m<tr />\u001b[39m\n\n  Name \"Backend API https://github.com/acme/backend.git — main 0 tasks Create task\":\n  \u001b[36m<tr />\u001b[39m\n\n  Name \"Local docs /workspace/docs — dev 0 tasks Create task\":\n  \u001b[36m<tr />\u001b[39m\n\n  --------------------------------------------------\n  columnheader:\n\n  Name \"Project\":\n  \u001b[36m<th />\u001b[39m\n\n  Name \"Repository / Path\":\n  \u001b[36m<th />\u001b[39m\n\n  Name \"GitHub\":\n  \u001b[36m<th />\u001b[39m\n\n  Name \"Branch\":\n  \u001b[36m<th />\u001b[39m\n\n  Name \"Task\":\n  \u001b[36m<th />\u001b[39m\n\n  --------------------------------------------------\n  cell:\n\n  Name \"Backend API\":\n  \u001b[36m<td />\u001b[39m\n\n  Name \"https://github.com/acme/backend.git\":\n  \u001b[36m<td />\u001b[39m\n\n  Name \"—\":\n  \u001b[36m<td />\u001b[39m\n\n  Name \"main\":\n  \u001b[36m<td />\u001b[39m\n\n  Name \"0 tasks Create task\":\n  \u001b[36m<td />\u001b[39m\n\n  Name \"Local docs\":\n  \u001b[36m<td />\u001b[39m\n\n  Name \"/workspace/docs\":\n  \u001b[36m<td />\u001b[39m\n\n  Name \"—\":\n  \u001b[36m<td />\u001b[39m\n\n  Name \"dev\":\n  \u001b[36m<td />\u001b[39m\n\n  Name \"0 tasks Create task\":\n  \u001b[36m<td />\u001b[39m\n\n  --------------------------------------------------\n  strong:\n\n  Name \"\":\n  \u001b[36m<strong />\u001b[39m\n\n  Name \"\":\n  \u001b[36m<strong />\u001b[39m\n\n  --------------------------------------------------heading:\n\n  Name \"Project view\":\n  \u001b[36m<h2\u001b[39m\n    \u001b[33mclass\u001b[39m=\u001b[32m\"project-view-title\"\u001b[39m\n  \u001b[36m/>\u001b[39m\n\n  --------------------------------------------------\n  textbox:\n\n  Name \"\":\n  \u001b[36m<input\u001b[39m\n    \u001b[33mclass\u001b[39m=\u001b[32m\"task-editor-input\"\u001b[39m\n    \u001b[33mid\u001b[39m=\u001b[32m\"project-name\"\u001b[39m\n    \u001b[33mplaceholder\u001b[39m=\u001b[32m\"My project\"\u001b[39m\n    \u001b[33mtype\u001b[39m=\u001b[32m\"text\"\u001b[39m\n    \u001b[33mvalue\u001b[39m=\u001b[32m\"\"\u001b[39m\n  \u001b[36m/>\u001b[39m\n\n  Name \"Git repository URL Git repository URL\":\n  \u001b[36m<input\u001b[39m\n    \u001b[33mclass\u001b[39m=\u001b[32m\"task-editor-input\"\u001b[39m\n    \u001b[33mid\u001b[39m=\u001b[32m\"project-repository-url\"\u001b[39m\n    \u001b[33mplaceholder\u001b[39m=\u001b[32m\"https://github.com/user/repo.git\"\u001b[39m\n    \u001b[33mtype\u001b[39m=\u001b[32m\"text\"\u001b[39m\n    \u001b[33mvalue\u001b[39m=\u001b[32m\"\"\u001b[39m\n  \u001b[36m/>\u001b[39m\n\n  Name \"GitHub account GitHub account\":\n  \u001b[36m<input\u001b[39m\n    \u001b[33mclass\u001b[39m=\u001b[32m\"task-editor-input\"\u001b[39m\n    \u001b[33mid\u001b[39m=\u001b[32m\"project-github-account\"\u001b[39m\n    \u001b[33mplaceholder\u001b[39m=\u001b[32m\"octocat\"\u001b[39m\n    \u001b[33mtype\u001b[39m=\u001b[32m\"text\"\u001b[39m\n    \u001b[33mvalue\u001b[39m=\u001b[32m\"\"\u001b[39m\n  \u001b[36m/>\u001b[39m\n\n  Name \"Local folder path Local folder path\":\n  \u001b[36m<input\u001b[39m\n    \u001b[33mclass\u001b[39m=\u001b[32m\"task-editor-input\"\u001b[39m\n    \u001b[33mid\u001b[39m=\u001b[32m\"project-local-path\"\u001b[39m\n    \u001b[33mplaceholder\u001b[39m=\u001b[32m\"/workspace/my-project\"\u001b[39m\n    \u001b[33mtype\u001b[39m=\u001b[32m\"text\"\u001b[39m\n    \u001b[33mvalue\u001b[39m=\u001b[32m\"\"\u001b[39m\n  \u001b[36m/>\u001b[39m\n\n  Name \"Branch Branch\":\n  \u001b[36m<input\u001b[39m\n    \u001b[33mclass\u001b[39m=\u001b[32m\"task-editor-input\"\u001b[39m\n    \u001b[33mid\u001b[39m=\u001b[32m\"project-branch\"\u001b[39m\n    \u001b[33mplaceholder\u001b[39m=\u001b[32m\"main\"\u001b[39m\n    \u001b[33mtype\u001b[39m=\u001b[32m\"text\"\u001b[39m\n    \u001b[33mvalue\u001b[39m=\u001b[32m\"main\"\u001b[39m\n  \u001b[36m/>\u001b[39m\n\n  --------------------------------------------------\n  combobox:\n\n  Name \"\":\n  \u001b[36m<select\u001b[39m\n    \u001b[33mclass\u001b[39m=\u001b[32m\"task-editor-input\"\u001b[39m\n    \u001b[33mid\u001b[39m=\u001b[32m\"project-type\"\u001b[39m\n  \u001b[36m/>\u001b[39m\n\n  --------------------------------------------------\n  option:\n\n  Name \"Coding project\":\n  \u001b[36m<option\u001b[39m\n    \u001b[33mvalue\u001b[39m=\u001b[32m\"CODING\"\u001b[39m\n  \u001b[36m/>\u001b[39m\n\n  Name \"Non-coding project\":\n  \u001b[36m<option\u001b[39m\n    \u001b[33mvalue\u001b[39m=\u001b[32m\"NON_CODING\"\u001b[39m\n  \u001b[36m/>\u001b[39m\n\n  --------------------------------------------------\n  button:\n\n  Name \"Add project\":\n  \u001b[36m<button\u001b[39m\n    \u001b[33mclass\u001b[39m=\u001b[32m\"task-editor-submit\"\u001b[39m\n    \u001b[33mstyle\u001b[39m=\u001b[32m\"white-space: nowrap;\"\u001b[39m\n    \u001b[33mtype\u001b[39m=\u001b[32m\"submit\"\u001b[39m\n  \u001b[36m/>\u001b[39m\n\n  --------------------------------------------------\n  paragraph:\n\n  Name \"\":\n  \u001b[36m<p />\u001b[39m\n\n  --------------------------------------------------heading:\n\n  Name \"Project view\":\n  \u001b[36m<h2\u001b[39m\n    \u001b[33mclass\u001b[39m=\u001b[32m\"project-view-title\"\u001b[39m\n  \u001b[36m/>\u001b[39m\n\n  --------------------------------------------------\n  textbox:\n\n  Name \"\":\n  \u001b[36m<input\u001b[39m\n    \u001b[33mclass\u001b[39m=\u001b[32m\"task-editor-input\"\u001b[39m\n    \u001b[33mid\u001b[39m=\u001b[32m\"project-name\"\u001b[39m\n    \u001b[33mplaceholder\u001b[39m=\u001b[32m\"My project\"\u001b[39m\n    \u001b[33mtype\u001b[39m=\u001b[32m\"text\"\u001b[39m\n    \u001b[33mvalue\u001b[39m=\u001b[32m\"\"\u001b[39m\n  \u001b[36m/>\u001b[39m\n\n  Name \"\":\n  \u001b[36m<input\u001b[39m\n    \u001b[33mclass\u001b[39m=\u001b[32m\"task-editor-input\"\u001b[39m\n    \u001b[33mid\u001b[39m=\u001b[32m\"project-repository-url\"\u001b[39m\n    \u001b[33mplaceholder\u001b[39m=\u001b[32m\"https://github.com/user/repo.git\"\u001b[39m\n    \u001b[33mtype\u001b[39m=\u001b[32m\"text\"\u001b[39m\n    \u001b[33mvalue\u001b[39m=\u001b[32m\"\"\u001b[39m\n  \u001b[36m/>\u001b[39m\n\n  Name \"\":\n  \u001b[36m<input\u001b[39m\n    \u001b[33mclass\u001b[39m=\u001b[32m\"task-editor-input\"\u001b[39m\n    \u001b[33mid\u001b[39m=\u001b[32m\"project-github-account\"\u001b[39m\n    \u001b[33mplaceholder\u001b[39m=\u001b[32m\"octocat\"\u001b[39m\n    \u001b[33mtype\u001b[39m=\u001b[32m\"text\"\u001b[39m\n    \u001b[33mvalue\u001b[39m=\u001b[32m\"\"\u001b[39m\n  \u001b[36m/>\u001b[39m\n\n  Name \"\":\n  \u001b[36m<input\u001b[39m\n    \u001b[33mclass\u001b[39m=\u001b[32m\"task-editor-input\"\u001b[39m\n    \u001b[33mid\u001b[39m=\u001b[32m\"project-local-path\"\u001b[39m\n    \u001b[33mplaceholder\u001b[39m=\u001b[32m\"/workspace/my-project\"\u001b[39m\n    \u001b[33mtype\u001b[39m=\u001b[32m\"text\"\u001b[39m\n    \u001b[33mvalue\u001b[39m=\u001b[32m\"\"\u001b[39m\n  \u001b[36m/>\u001b[39m\n\n  Name \"\":\n  \u001b[36m<input\u001b[39m\n    \u001b[33mclass\u001b[39m=\u001b[32m\"task-editor-input\"\u001b[39m\n    \u001b[33mid\u001b[39m=\u001b[32m\"project-branch\"\u001b[39m\n    \u001b[33mplaceholder\u001b[39m=\u001b[32m\"main\"\u001b[39m\n    \u001b[33mtype\u001b[39m=\u001b[32m\"text\"\u001b[39m\n    \u001b[33mvalue\u001b[39m=\u001b[32m\"main\"\u001b[39m\n  \u001b[36m/>\u001b[39m\n\n  --------------------------------------------------\n  combobox:\n\n  Name \"\":\n  \u001b[36m<select\u001b[39m\n    \u001b[33mclass\u001b[39m=\u001b[32m\"task-editor-input\"\u001b[39m\n    \u001b[33mid\u001b[39m=\u001b[32m\"project-type\"\u001b[39m\n  \u001b[36m/>\u001b[39m\n\n  --------------------------------------------------\n  option:\n\n  Name \"Coding project\":\n  \u001b[36m<option\u001b[39m\n    \u001b[33mvalue\u001b[39m=\u001b[32m\"CODING\"\u001b[39m\n  \u001b[36m/>\u001b[39m\n\n  Name \"Non-coding project\":\n  \u001b[36m<option\u001b[39m\n    \u001b[33mvalue\u001b[39m=\u001b[32m\"NON_CODING\"\u001b[39m\n  \u001b[36m/>\u001b[39m\n\n  --------------------------------------------------\n  button:\n\n  Name \"Add project\":\n  \u001b[36m<button\u001b[39m\n    \u001b[33mclass\u001b[39m=\u001b[32m\"task-editor-submit\"\u001b[39m\n    \u001b[33mstyle\u001b[39m=\u001b[32m\"white-space: nowrap;\"\u001b[39m\n    \u001b[33mtype\u001b[39m=\u001b[32m\"submit\"\u001b[39m\n  \u001b[36m/>\u001b[39m\n\n  --------------------------------------------------\n  paragraph:\n\n  Name \"\":\n  \u001b[36m<p />\u001b[39m\n\n  --------------------------------------------------\n\nIgnored nodes: comments, script, style\n\u001b[36m<body>\u001b[39m\n  \u001b[36m<div>\u001b[39m\n    \u001b[36m<section\u001b[39m\n      \u001b[33mclass\u001b[39m=\u001b[32m\"project-view\"\u001b[39m\n    \u001b[36m>\u001b[39m\n      \u001b[36m<div\u001b[39m\n        \u001b[33mclass\u001b[39m=\u001b[32m\"project-view-header\"\u001b[39m\n      \u001b[36m>\u001b[39m\n        \u001b[36m<h2\u001b[39m\n          \u001b[33mclass\u001b[39m=\u001b[32m\"project-view-title\"\u001b[39m\n        \u001b[36m>\u001b[39m\n          \u001b[0mProject view\u001b[0m\n        \u001b[36m</h2>\u001b[39m\n      \u001b[36m</div>\u001b[39m\n      \u001b[36m<form\u001b[39m\n        \u001b[33mclass\u001b[39m=\u001b[32m\"task-editor-fields project-view-form\"\u001b[39m\n        \u001b[33mstyle\u001b[39m=\u001b[32m\"grid-template-columns: 18fr 28fr 12fr 12fr 30fr auto;\"\u001b[39m\n      \u001b[36m>\u001b[39m\n        \u001b[36m<div\u001b[39m\n          \u001b[33mclass\u001b[39m=\u001b[32m\"task-editor-field\"\u001b[39m\n        \u001b[36m>\u001b[39m\n          \u001b[36m<label\u001b[39m\n            \u001b[33mfor\u001b[39m=\u001b[32m\"project-name\"\u001b[39m\n          \u001b[36m>\u001b[39m\n            \u001b[0mProject name\u001b[0m\n          \u001b[36m</label>\u001b[39m\n          \u001b[36m<input\u001b[39m\n            \u001b[33mclass\u001b[39m=\u001b[32m\"task-editor-input\"\u001b[39m\n            \u001b[33mid\u001b[39m=\u001b[32m\"project-name\"\u001b[39m\n            \u001b[33mplaceholder\u001b[39m=\u001b[32m\"My project\"\u001b[39m\n            \u001b[33mtype\u001b[39m=\u001b[32m\"text\"\u001b[39m\n            \u001b[33mvalue\u001b[39m=\u001b[32m\"Theatre production\"\u001b[39m\n          \u001b[36m/>\u001b[39m\n        \u001b[36m</div>\u001b[39m\n        \u001b[36m<div\u001b[39m\n          \u001b[33mclass\u001b[39m=\u001b[32m\"task-editor-field\"\u001b[39m\n        \u001b[36m>\u001b[39m\n          \u001b[36m<label\u001b[39m\n            \u001b[33mfor\u001b[39m=\u001b[32m\"project-type\"\u001b[39m\n          \u001b[36m>\u001b[39m\n            \u001b[0mProject type\u001b[0m\n          \u001b[36m</label>\u001b[39m\n          \u001b[36m<select\u001b[39m\n            \u001b[33mclass\u001b[39m=\u001b[32m\"task-editor-input\"\u001b[39m\n            \u001b[33mid\u001b[39m=\u001b[32m\"project-type\"\u001b[39m\n          \u001b[36m>\u001b[39m\n            \u001b[36m<option\u001b[39m\n              \u001b[33mvalue\u001b[39m=\u001b[32m\"CODING\"\u001b[39m\n            \u001b[36m>\u001b[39m\n              \u001b[0mCoding project\u001b[0m\n            \u001b[36m</option>\u001b[39m\n            \u001b[36m<option\u001b[39m\n              \u001b[33mvalue\u001b[39m=\u001b[32m\"NON_CODING\"\u001b[39m\n            \u001b[36m>\u001b[39m\n              \u001b[0mNon-coding project\u001b[0m\n            \u001b[36m</option>\u001b[39m\n          \u001b[36m</select>\u001b[39m\n        \u001b[36m</div>\u001b[39m\n        \u001b[36m<div\u001b[39m\n          \u001b[33mclass\u001b[39m=\u001b[32m\"task-editor-field\"\u001b[39m\n        \u001b[36m>\u001b[39m\n          \u001b[36m<label\u001b[39m\n            \u001b[33mfor\u001b[39m=\u001b[32m\"project-description\"\u001b[39m\n          \u001b[36m>\u001b[39m\n            \u001b[0mDescription\u001b[0m\n          \u001b[36m</label>\u001b[39m\n          \u001b[36m<input\u001b[39m\n            \u001b[33mclass\u001b[39m=\u001b[32m\"task-editor-input\"\u001b[39m\n            \u001b[33mid\u001b[39m=\u001b[32m\"project-description\"\u001b[39m\n            \u001b[33mplaceholder\u001b[39m=\u001b[32m\"Project overview and goals\"\u001b[39m\n            \u001b[33mtype\u001b[39m=\u001b[32m\"text\"\u001b[39m\n            \u001b[33mvalue\u001b[39m=\u001b[32m\"Prepare the fall show.\"\u001b[39m\n          \u001b[36m/>\u001b[39m\n        \u001b[36m</div>\u001b[39m\n        \u001b[36m<div\u001b[39m\n          \u001b[33mclass\u001b[39m=\u001b[32m\"task-editor-field\"\u001b[39m\n        \u001b[36m>\u001b[39m\n          \u001b[36m<label\u001b[39m\n            \u001b[33mfor\u001b[39m=\u001b[32m\"project-category\"\u001b[39m\n          \u001b[36m>\u001b[39m\n            \u001b[0mProject category\u001b[0m\n          \u001b[36m</label>\u001b[39m\n          \u001b[36m<input\u001b[39m\n            \u001b[33mclass\u001b[39m=\u001b[32m\"task-editor-input\"\u001b[39m\n            \u001b[33mid\u001b[39m=\u001b[32m\"project-category\"\u001b[39m\n            \u001b[33mplaceholder\u001b[39m=\u001b[32m\"Theatre\"\u001b[39m\n            \u001b[33mtype\u001b[39m=\u001b[32m\"text\"\u001b[39m\n            \u001b[33mvalue\u001b[39m=\u001b[32m\"Theatre\"\u001b[39m\n          \u001b[36m/>\u001b[39m\n        \u001b[36m</div>\u001b[39m\n        \u001b[36m<div\u001b[39m\n          \u001b[33mclass\u001b[39m=\u001b[32m\"task-editor-field\"\u001b[39m\n        \u001b[36m>\u001b[39m\n          \u001b[36m<label\u001b[39m\n            \u001b[33mfor\u001b[39m=\u001b[32m\"project-end-date\"\u001b[39m\n          \u001b[36m>\u001b[39m\n            \u001b[0mEnd date\u001b[0m\n          \u001b[36m</label>\u001b[39m\n          \u001b[36m<input\u001b[39m\n            \u001b[33mclass\u001b[39m=\u001b[32m\"task-editor-input\"\u001b[39m\n            \u001b[33mid\u001b[39m=\u001b[32m\"project-end-date\"\u001b[39m\n            \u001b[33mtype\u001b[39m=\u001b[32m\"date\"\u001b[39m\n            \u001b[33mvalue\u001b[39m=\u001b[32m\"2026-10-15\"\u001b[39m\n          \u001b[36m/>\u001b[39m\n        \u001b[36m</div>\u001b[39m\n        \u001b[36m<button\u001b[39m\n          \u001b[33mclass\u001b[39m=\u001b[32m\"task-editor-submit\"\u001b[39m\n          \u001b[33mstyle\u001b[39m=\u001b[32m\"white-space: nowrap;\"\u001b[39m\n          \u001b[33mtype\u001b[39m=\u001b[32m\"submit\"\u001b[39m\n        \u001b[36m>\u001b[39m\n          \u001b[0mAdd project\u001b[0m\n        \u001b[36m</button>\u001b[39m\n      \u001b[36m</form>\u001b[39m\n      \u001b[36m<div\u001b[39m\n        \u001b[33mclass\u001b[39m=\u001b[32m\"project-view-table-wrapper\"\u001b[39m\n      \u001b[36m>\u001b[39m\n        \u001b[36m<table\u001b[39m\n          \u001b[33mclass\u001b[39m=\u001b[32m\"project-view-table\"\u001b[39m\n          \u001b[33mrole\u001b[39m=\u001b[32m\"table\"\u001b[39m\n        \u001b[36m>\u001b[39m\n          \u001b[36m<colgroup>\u001b[39m\n            \u001b[36m<col\u001b[39m\n              \u001b[33mstyle\u001b[39m=\u001b[32m\"width: 18%;\"\u001b[39m\n            \u001b[36m/>\u001b[39m\n            \u001b[36m<col\u001b[39m\n              \u001b[33mstyle\u001b[39m=\u001b[32m\"width: 28%;\"\u001b[39m\n            \u001b[36m/>\u001b[39m\n            \u001b[36m<col\u001b[39m\n              \u001b[33mstyle\u001b[39m=\u001b[32m\"width: 12%;\"\u001b[39m\n            \u001b[36m/>\u001b[39m\n            \u001b[36m<col\u001b[39m\n              \u001b[33mstyle\u001b[39m=\u001b[32m\"width: 12%;\"\u001b[39m\n            \u001b[36m/>\u001b[39m\n            \u001b[36m<col\u001b[39m\n              \u001b[33mstyle\u001b[39m=\u001b[32m\"width: 30%;\"\u001b[39m\n            \u001b[36m/>\u001b[39m\n          \u001b[36m</colgroup>\u001b[39m\n          \u001b[36m<thead>\u001b[39m\n            \u001b[36m<tr>\u001b[39m\n              \u001b[36m<th>\u001b[39m\n                \u001b[0mProject\u001b[0m\n              \u001b[36m</th>\u001b[39m\n              \u001b[36m<th>\u001b[39m\n                \u001b[0mRepository / Path\u001b[0m\n              \u001b[36m</th>\u001b[39m\n              \u001b[36m<th>\u001b[39m\n                \u001b[0mGitHub\u001b[0m\n              \u001b[36m</th>\u001b[39m\n              \u001b[36m<th>\u001b[39m\n                \u001b[0mBranch\u001b[0m\n              \u001b[36m</th>\u001b[39m\n              \u001b[36m<th>\u001b[39m\n                \u001b[0mTask\u001b[0m\n              \u001b[36m</th>\u001b[39m\n            \u001b[36m</tr>\u001b[39m\n          \u001b[36m</thead>\u001b[39m\n          \u001b[36m<tbody>\u001b[39m\n            \u001b[36m<tr>\u001b[39m\n              \u001b[36m<td>\u001b[39m\n                \u001b[36m<strong>\u001b[39m\n                  \u001b[0mBackend API\u001b[0m\n                \u001b[36m</strong>\u001b[39m\n              \u001b[36m</td>\u001b[39m\n              \u001b[36m<td>\u001b[39m\n                \u001b[0mhttps://github.com/acme/backend.git\u001b[0m\n              \u001b[36m</td>\u001b[39m\n              \u001b[36m<td>\u001b[39m\n                \u001b[0m—\u001b[0m\n              \u001b[36m</td>\u001b[39m\n              \u001b[36m<td>\u001b[39m\n                \u001b[0mmain\u001b[0m\n              \u001b[36m</td>\u001b[39m\n              \u001b[36m<td>\u001b[39m\n                \u001b[36m<div\u001b[39m\n                  \u001b[33mstyle\u001b[39m=\u001b[32m\"display: flex; align-items: center; gap: 8px; flex-wrap: wrap;\"\u001b[39m\n                \u001b[36m>\u001b[39m\n                  \u001b[36m<span\u001b[39m\n                    \u001b[33mstyle\u001b[39m=\u001b[32m\"min-width: 3ch; font-weight: 600; color: rgb(45, 55, 72);\"\u001b[39m\n                  \u001b[36m>\u001b[39m\n                    \u001b[0m0 tasks\u001b[0m\n                  \u001b[36m</span>\u001b[39m\n                  \u001b[36m<button\u001b[39m\n                    \u001b[33maria-label\u001b[39m=\u001b[32m\"Create task for Backend API\"\u001b[39m\n                    \u001b[33mclass\u001b[39m=\u001b[32m\"task-editor-submit\"\u001b[39m\n                    \u001b[33mtype\u001b[39m=\u001b[32m\"button\"\u001b[39m\n                  \u001b[36m>\u001b[39m\n                    \u001b[0mCreate task\u001b[0m\n                  \u001b[36m</button>\u001b[39m\n                \u001b[36m</div>\u001b[39m\n              \u001b[36m</td>\u001b[39m\n            \u001b[36m</tr>\u001b[39m\n            \u001b[36m<tr>\u001b[39m\n              \u001b[36m<td>\u001b[39m\n                \u001b[36m<strong>\u001b[39m\n                  \u001b[0mLocal docs\u001b[0m\n                \u001b[36m</strong>\u001b[39m\n              \u001b[36m</td>\u001b[39m\n              \u001b[36m<td>\u001b[39m\n                \u001b[0m/workspace/docs\u001b[0m\n              \u001b[36m</td>\u001b[39m\n              \u001b[36m<td>\u001b[39m\n                \u001b[0m—\u001b[0m\n              \u001b[36m</td>\u001b[39m\n              \u001b[36m<td>\u001b[39m\n                \u001b[0mdev\u001b[0m\n              \u001b[36m</td>\u001b[39m\n              \u001b[36m<td>\u001b[39m\n                \u001b[36m<div\u001b[39m\n                  \u001b[33mstyle\u001b[39m=\u001b[32m\"display: flex; align-items: center; gap: 8px; flex-wrap: wrap;\"\u001b[39m\n                \u001b[36m>\u001b[39m\n                  \u001b[36m<span\u001b[39m\n                    \u001b[33mstyle\u001b[39m=\u001b[32m\"min-width: 3ch; font-weight: 600; color: rgb(45, 55, 72);\"\u001b[39m\n                  \u001b[36m>\u001b[39m\n                    \u001b[0m0 tasks\u001b[0m\n                  \u001b[36m</span>\u001b[39m\n                  \u001b[36m<button\u001b[39m\n                    \u001b[33maria-label\u001b[39m=\u001b[32m\"Create task for Local docs\"\u001b[39m\n                    \u001b[33mclass\u001b[39m=\u001b[32m\"task-editor-submit\"\u001b[39m\n                    \u001b[33mtype\u001b[39m=\u001b[32m\"button\"\u001b[39m\n                  \u001b[36m>\u001b[39m\n                    \u001b[0mCreate task\u001b[0m\n                  \u001b[36m</button>\u001b[39m\n                \u001b[36m</div>\u001b[39m\n              \u001b[36m</td>\u001b[39m\n            \u001b[36m</tr>\u001b[39m\n          \u001b[36m</tbody>\u001b[39m\n        \u001b[36m</table>\u001b[39m\n      \u001b[36m</div>\u001b[39m\n    \u001b[36m</section>\u001b[39m\n  \u001b[36m</div>\u001b[39m\n  \u001b[36m<div>\u001b[39m\n    \u001b[36m<section\u001b[39m\n      \u001b[33mclass\u001b[39m=\u001b[32m\"project-view\"\u001b[39m\n    \u001b[36m>\u001b[39m\n      \u001b[36m<div\u001b[39m\n        \u001b[33mclass\u001b[39m=\u001b[32m\"project-view-header\"\u001b[39m\n      \u001b[36m>\u001b[39m\n        \u001b[36m<h2\u001b[39m\n          \u001b[33mclass\u001b[39m=\u001b[32m\"project-view-title\"\u001b[39m\n        \u001b[36m>\u001b[39m\n          \u001b[0mProject view\u001b[0m\n        \u001b[36m</h2>\u001b[39m\n      \u001b[36m</div>\u001b[39m\n      \u001b[36m<form\u001b[39m\n        \u001b[33mclass\u001b[39m=\u001b[32m\"task-editor-fields project-view-form\"\u001b[39m\n        \u001b[33mstyle\u001b[39m=\u001b[32m\"grid-template-columns: 18fr 28fr 12fr 12fr 30fr auto;\"\u001b[39m\n      \u001b[36m>\u001b[39m\n        \u001b[36m<div\u001b[39m\n          \u001b[33mclass\u001b[39m=\u001b[32m\"task-editor-field\"\u001b[39m\n        \u001b[36m>\u001b[39m\n          \u001b[36m<label\u001b[39m\n            \u001b[33mfor\u001b[39m=\u001b[32m\"project-name\"\u001b[39m\n          \u001b[36m>\u001b[39m\n            \u001b[0mProject name\u001b[0m\n          \u001b[36m</label>\u001b[39m\n          \u001b[36m<input\u001b[39m\n            \u001b[33mclass\u001b[39m=\u001b[32m\"task-editor-input\"\u001b[39m\n            \u001b[33mid\u001b[39m=\u001b[32m\"project-name\"\u001b[39m\n            \u001b[33mplaceholder\u001b[39m=\u001b[32m\"My project\"\u001b[39m\n            \u001b[33mtype\u001b[39m=\u001b[32m\"text\"\u001b[39m\n            \u001b[33mvalue\u001b[39m=\u001b[32m\"\"\u001b[39m\n          \u001b[36m/>\u001b[39m\n        \u001b[36m</div>\u001b[39m\n        \u001b[36m<div\u001b[39m\n          \u001b[33mclass\u001b[39m=\u001b[32m\"task-editor-field\"\u001b[39m\n        \u001b[36m>\u001b[39m\n          \u001b[36m<label\u001b[39m\n            \u001b[33mfor\u001b[39m=\u001b[32m\"project-type\"\u001b[39m\n          \u001b[36m>\u001b[39m\n            \u001b[0mProject type\u001b[0m\n          \u001b[36m</label>\u001b[39m\n          \u001b[36m<select\u001b[39m\n            \u001b[33mclass\u001b[39m=\u001b[32m\"task-editor-input\"\u001b[39m\n            \u001b[33mid\u001b[39m=\u001b[32m\"project-type\"\u001b[39m\n          \u001b[36m>\u001b[39m\n            \u001b[36m<option\u001b[39m\n              \u001b[33mvalue\u001b[39m=\u001b[32m\"CODING\"\u001b[39m\n            \u001b[36m>\u001b[39m\n              \u001b[0mCoding project\u001b[0m\n            \u001b[36m</option>\u001b[39m\n            \u001b[36m<option\u001b[39m\n              \u001b[33mvalue\u001b[39m=\u001b[32m\"NON_CODING\"\u001b[39m\n            \u001b[36m>\u001b[39m\n              \u001b[0mNon-coding project\u001b[0m\n            \u001b[36m</option>\u001b[39m\n          \u001b[36m</select>\u001b[39m\n        \u001b[36m</div>\u001b[39m\n        \u001b[36m<div\u001b[39m\n          \u001b[33mclass\u001b[39m=\u001b[32m\"task-editor-field\"\u001b[39m\n        \u001b[36m>\u001b[39m\n          \u001b[36m<label\u001b[39m\n            \u001b[33mfor\u001b[39m=\u001b[32m\"project-repository-url\"\u001b[39m\n          \u001b[36m>\u001b[39m\n            \u001b[0mGit repository URL\u001b[0m\n          \u001b[36m</label>\u001b[39m\n          \u001b[36m<input\u001b[39m\n            \u001b[33mclass\u001b[39m=\u001b[32m\"task-editor-input\"\u001b[39m\n            \u001b[33mid\u001b[39m=\u001b[32m\"project-repository-url\"\u001b[39m\n            \u001b[33mplaceholder\u001b[39m=\u001b[32m\"https://github.com/user/repo.git\"\u001b[39m\n            \u001b[33mtype\u001b[39m=\u001b[32m\"text\"\u001b[39m\n            \u001b[33mvalue\u001b[39m=\u001b[32m\"\"\u001b[39m\n          \u001b[36m/>\u001b[39m\n        \u001b[36m</div>\u001b[39m\n        \u001b[36m<div\u001b[39m\n          \u001b[33mclass\u001b[39m=\u001b[32m\"task-editor-field\"\u001b[39m\n        \u001b[36m>\u001b[39m\n          \u001b[36m<label\u001b[39m\n            \u001b[33mfor\u001b[39m=\u001b[32m\"project-github-account\"\u001b[39m\n          \u001b[36m>\u001b[39m\n            \u001b[0mGitHub account\u001b[0m\n          \u001b[36m</label>\u001b[39m\n          \u001b[36m<input\u001b[39m\n            \u001b[33mclass\u001b[39m=\u001b[32m\"task-editor-input\"\u001b[39m\n            \u001b[33mid\u001b[39m=\u001b[32m\"project-github-account\"\u001b[39m\n            \u001b[33mplaceholder\u001b[39m=\u001b[32m\"octocat\"\u001b[39m\n            \u001b[33mtype\u001b[39m=\u001b[32m\"text\"\u001b[39m\n            \u001b[33mvalue\u001b[39m=\u001b[32m\"\"\u001b[39m\n          \u001b[36m/>\u001b[39m\n        \u001b[36m</div>\u001b[39m\n        \u001b[36m<div\u001b[39m\n          \u001b[33mclass\u001b[39m=\u001b[32m\"task-editor-field\"\u001b[39m\n        \u001b[36m>\u001b[39m\n          \u001b[36m<label\u001b[39m\n            \u001b[33mfor\u001b[39m=\u001b[32m\"project-local-path\"\u001b[39m\n          \u001b[36m>\u001b[39m\n            \u001b[0mLocal folder path\u001b[0m\n          \u001b[36m</label>\u001b[39m\n          \u001b[36m<input\u001b[39m\n            \u001b[33mclass\u001b[39m=\u001b[32m\"task-editor-input\"\u001b[39m\n            \u001b[33mid\u001b[39m=\u001b[32m\"project-local-path\"\u001b[39m\n            \u001b[33mplaceholder\u001b[39m=\u001b[32m\"/workspace/my-project\"\u001b[39m\n            \u001b[33mtype\u001b[39m=\u001b[32m\"text\"\u001b[39m\n            \u001b[33mvalue\u001b[39m=\u001b[32m\"\"\u001b[39m\n          \u001b[36m/>\u001b[39m\n        \u001b[36m</div>\u001b[39m\n        \u001b[36m<div\u001b[39m\n          \u001b[33mclass\u001b[39m=\u001b[32m\"task-editor-field\"\u001b[39m\n        \u001b[36m>\u001b[39m\n          \u001b[36m<label\u001b[39m\n            \u001b[33mfor\u001b[39m=\u001b[32m\"project-branch\"\u001b[39m\n          \u001b[36m>\u001b[39m\n            \u001b[0mBranch\u001b[0m\n          \u001b[36m</label>\u001b[39m\n          \u001b[36m<input\u001b[39m\n            \u001b[33mclass\u001b[39m=\u001b[32m\"task-editor-input\"\u001b[39m\n            \u001b[33mid\u001b[39m=\u001b[32m\"project-branch\"\u001b[39m\n            \u001b[33mplaceholder\u001b[39m=\u001b[32m\"main\"\u001b[39m\n            \u001b[33mtype\u001b[39m=\u001b[32m\"text\"\u001b[39m\n            \u001b[33mvalue\u001b[39m=\u001b[32m\"main\"\u001b[39m\n          \u001b[36m/>\u001b[39m\n        \u001b[36m</div>\u001b[39m\n        \u001b[36m<button\u001b[39m\n          \u001b[33mclass\u001b[39m=\u001b[32m\"task-editor-submit\"\u001b[39m\n          \u001b[33mstyle\u001b[39m=\u001b[32m\"white-space: nowrap;\"\u001b[39m\n          \u001b[33mtype\u001b[39m=\u001b[32m\"submit\"\u001b[39m\n        \u001b[36m>\u001b[39m\n          \u001b[0mAdd project\u001b[0m\n        \u001b[36m</button>\u001b[39m\n      \u001b[36m</form>\u001b[39m\n      \u001b[36m<p>\u001b[39m\n        \u001b[0mNo projects added yet.\u001b[0m\n      \u001b[36m</p>\u001b[39m\n    \u001b[36m</section>\u001b[39m\n  \u001b[36m</div>\u001b[39m\n  \u001b[36m<div>\u001b[39m\n    \u001b[36m<section\u001b[39m\n      \u001b[33mclass\u001b[39m=\u001b[32m\"project-view\"\u001b[39m\n    \u001b[36m>\u001b[39m\n      \u001b[36m<div\u001b[39m\n        \u001b[33mclass\u001b[39m=\u001b[32m\"project-view-header\"\u001b[39m\n      \u001b[36m>\u001b[39m\n        \u001b[36m<h2\u001b[39m\n          \u001b[33mclass\u001b[39m=\u001b[32m\"project-view-title\"\u001b[39m\n        \u001b[36m>\u001b[39m\n          \u001b[0mProject view\u001b[0m\n        \u001b[36m</h2>\u001b[39m\n      \u001b[36m</div>\u001b[39m\n      \u001b[36m<form\u001b[39m\n        \u001b[33mclass\u001b[39m=\u001b[32m\"task-editor-fields project-view-form\"\u001b[39m\n        \u001b[33mstyle\u001b[39m=\u001b[32m\"grid-template-columns: 18fr 28fr 12fr 12fr 30fr auto;\"\u001b[39m\n      \u001b[36m>\u001b[39m\n        \u001b[36m<div\u001b[39m\n          \u001b[33mclass\u001b[39m=\u001b[32m\"task-editor-field\"\u001b[39m\n        \u001b[36m>\u001b[39m\n          \u001b[36m<label\u001b[39m\n            \u001b[33mfor\u001b[39m=\u001b[32m\"project-name\"\u001b[39m\n          \u001b[36m>\u001b[39m\n            \u001b[0mProject name\u001b[0m\n          \u001b[36m</label>\u001b[39m\n          \u001b[36m<input\u001b[39m\n            \u001b[33mclass\u001b[39m=\u001b[32m\"task-editor-input\"\u001b[39m\n            \u001b[33mid\u001b[39m=\u001b[32m\"project-name\"\u001b[39m\n            \u001b[33mplaceholder\u001b[39m=\u001b[32m\"My project\"\u001b[39m\n            \u001b[33mtype\u001b[39m=\u001b[32m\"text\"\u001b[39m\n            \u001b[33mvalue\u001b[39m=\u001b[32m\"\"\u001b[39m\n          \u001b[36m/>\u001b[39m\n        \u001b[36m</div>\u001b[39m\n        \u001b[36m<div\u001b[39m\n          \u001b[33mclass\u001b[39m=\u001b[32m\"task-editor-field\"\u001b[39m\n        \u001b[36m>\u001b[39m\n          \u001b[36m<label\u001b[39m\n            \u001b[33mfor\u001b[39m=\u001b[32m\"project-type\"\u001b[39m\n          \u001b[36m>\u001b[39m\n            \u001b[0mProject type\u001b[0m\n          \u001b[36m</label>\u001b[39m\n          \u001b[36m<select\u001b[39m\n            \u001b[33mclass\u001b[39m=\u001b[32m\"task-editor-input\"\u001b[39m\n            \u001b[33mid\u001b[39m=\u001b[32m\"project-type\"\u001b[39m\n          \u001b[36m>\u001b[39m\n            \u001b[36m<option\u001b[39m\n              \u001b[33mvalue\u001b[39m=\u001b[32m\"CODING\"\u001b[39m\n            \u001b[36m>\u001b[39m\n              \u001b[0mCoding project\u001b[0m\n            \u001b[36m</option>\u001b[39m\n            \u001b[36m<option\u001b[39m\n              \u001b[33mvalue\u001b[39m=\u001b[32m\"NON_CODING\"\u001b[39m\n            \u001b[36m>\u001b[39m\n              \u001b[0mNon-coding project\u001b[0m\n            \u001b[36m</option>\u001b[39m\n          \u001b[36m</select>\u001b[39m\n        \u001b[36m</div>\u001b[39m\n        \u001b[36m<div\u001b[39m\n          \u001b[33mclass\u001b[39m=\u001b[32m\"task-editor-field\"\u001b[39m\n        \u001b[36m>\u001b[39m\n          \u001b[36m<label\u001b[39m\n            \u001b[33mfor\u001b[39m=\u001b[32m\"project-repository-url\"\u001b[39m\n          \u001b[36m>\u001b[39m\n            \u001b[0mGit repository URL\u001b[0m\n          \u001b[36m</label>\u001b[39m\n          \u001b[36m<input\u001b[39m\n            \u001b[33mclass\u001b[39m=\u001b[32m\"task-editor-input\"\u001b[39m\n            \u001b[33mid\u001b[39m=\u001b[32m\"project-repository-url\"\u001b[39m\n            \u001b[33mplaceholder\u001b[39m=\u001b[32m\"https://github.com/user/repo.git\"\u001b[39m\n            \u001b[33mtype\u001b[39m=\u001b[32m\"text\"\u001b[39m\n            \u001b[33mvalue\u001b[39m=\u001b[32m\"\"\u001b[39m\n          \u001b[36m/>\u001b[39m\n        \u001b[36m</div>\u001b[39m\n        \u001b[36m<div\u001b[39m\n          \u001b[33mclass\u001b[39m=\u001b[32m\"task-editor-field\"\u001b[39m\n        \u001b[36m>\u001b[39m\n          \u001b[36m<label\u001b[39m\n            \u001b[33mfor\u001b[39m=\u001b[32m\"project-github-account\"\u001b[39m\n          \u001b[36m>\u001b[39m\n            \u001b[0mGitHub account\u001b[0m\n          \u001b[36m</label>\u001b[39m\n          \u001b[36m<input\u001b[39m\n            \u001b[33mclass\u001b[39m=\u001b[32m\"task-editor-input\"\u001b[39m\n            \u001b[33mid\u001b[39m=\u001b[32m\"project-github-account\"\u001b[39m\n            \u001b[33mplaceholder\u001b[39m=\u001b[32m\"octocat\"\u001b[39m\n            \u001b[33mtype\u001b[39m=\u001b[32m\"text\"\u001b[39m\n            \u001b[33mvalue\u001b[39m=\u001b[32m\"\"\u001b[39m\n          \u001b[36m/>\u001b[39m\n        \u001b[36m</div>\u001b[39m\n        \u001b[36m<div\u001b[39m\n          \u001b[33mclass\u001b[39m=\u001b[32m\"task-editor-field\"\u001b[39m\n        \u001b[36m>\u001b[39m\n          \u001b[36m<label\u001b[39m\n            \u001b[33mfor\u001b[39m=\u001b[32m\"project-local-path\"\u001b[39m\n          \u001b[36m>\u001b[39m\n            \u001b[0mLocal folder path\u001b[0m\n          \u001b[36m</label>\u001b[39m\n          \u001b[36m<input\u001b[39m\n            \u001b[33mclass\u001b[39m=\u001b[32m\"task-editor-input\"\u001b[39m\n            \u001b[33mid\u001b[39m=\u001b[32m\"project-local-path\"\u001b[39m\n            \u001b[33mplaceholder\u001b[39m=\u001b[32m\"/workspace/my-project\"\u001b[39m\n            \u001b[33mtype\u001b[39m=\u001b[32m\"text\"\u001b[39m\n            \u001b[33mvalue\u001b[39m=\u001b[32m\"\"\u001b[39m\n          \u001b[36m/>\u001b[39m\n        \u001b[36m</div>\u001b[39m\n        \u001b[36m<div\u001b[39m\n          \u001b[33mclass\u001b[39m=\u001b[32m\"task-editor-field\"\u001b[39m\n        \u001b[36m>\u001b[39m\n          \u001b[36m<label\u001b[39m\n            \u001b[33mfor\u001b[39m=\u001b[32m\"project-branch\"\u001b[39m\n          \u001b[36m>\u001b[39m\n            \u001b[0mBranch\u001b[0m\n          \u001b[36m</label>\u001b[39m\n          \u001b[36m<input\u001b[39m\n            \u001b[33mclass\u001b[39m=\u001b[32m\"task-editor-input\"\u001b[39m\n            \u001b[33mid\u001b[39m=\u001b[32m\"project-branch\"\u001b[39m\n            \u001b[33mplaceholder\u001b[39m=\u001b[32m\"main\"\u001b[39m\n            \u001b[33mtype\u001b[39m=\u001b[32m\"text\"\u001b[39m\n            \u001b[33mvalue\u001b[39m=\u001b[32m\"main\"\u001b[39m\n          \u001b[36m/>\u001b[39m\n        \u001b[36m</div>\u001b[39m\n        \u001b[36m<button\u001b[39m\n          \u001b[33mclass\u001b[39m=\u001b[32m\"task-editor-submit\"\u001b[39m\n          \u001b[33mstyle\u001b[39m=\u001b[32m\"white-space: nowrap;\"\u001b[39m\n          \u001b[33mtype\u001b[39m=\u001b[32m\"submit\"\u001b[39m\n        \u001b[36m>\u001b[39m\n          \u001b[0mAdd project\u001b[0m\n        \u001b[36m</button>\u001b[39m\n      \u001b[36m</form>\u001b[39m\n      \u001b[36m<p>\u001b[39m\n        \u001b[0mLoading projects…\u001b[0m\n      \u001b[36m</p>\u001b[39m\n    \u001b[36m</section>\u001b[39m\n  \u001b[36m</div>\u001b[39m\n\u001b[36m</body>\u001b[39m\n    at Object.getElementError (C:\\Users\\el jeffe\\OneDrive\\Bureau\\Projects\\smart-task-manager\\frontend\\frontend\\node_modules\\@testing-library\\dom\\dist\\config.js:37:19)\n    at C:\\Users\\el jeffe\\OneDrive\\Bureau\\Projects\\smart-task-manager\\frontend\\frontend\\node_modules\\@testing-library\\dom\\dist\\query-helpers.js:76:38\n    at C:\\Users\\el jeffe\\OneDrive\\Bureau\\Projects\\smart-task-manager\\frontend\\frontend\\node_modules\\@testing-library\\dom\\dist\\query-helpers.js:109:15\n    at C:/Users/el jeffe/OneDrive/Bureau/Projects/smart-task-manager/frontend/frontend/src/components/ProjectView.test.tsx:86:28\n    at file:///C:/Users/el%20jeffe/OneDrive/Bureau/Projects/smart-task-manager/frontend/frontend/node_modules/@vitest/runner/dist/chunk-artifact.js:302:11\n    at file:///C:/Users/el%20jeffe/OneDrive/Bureau/Projects/smart-task-manager/frontend/frontend/node_modules/@vitest/runner/dist/chunk-artifact.js:1903:26\n    at file:///C:/Users/el%20jeffe/OneDrive/Bureau/Projects/smart-task-manager/frontend/frontend/node_modules/@vitest/runner/dist/chunk-artifact.js:2326:20\n    at new Promise (<anonymous>)\n    at runWithCancel (file:///C:/Users/el%20jeffe/OneDrive/Bureau/Projects/smart-task-manager/frontend/frontend/node_modules/@vitest/runner/dist/chunk-artifact.js:2323:10)\n    at file:///C:/Users/el%20jeffe/OneDrive/Bureau/Projects/smart-task-manager/frontend/frontend/node_modules/@vitest/runner/dist/chunk-artifact.js:2305:20"],"meta":{},"tags":[]},{"ancestorTitles":["ProjectView"],"fullName":"ProjectView opens the task modal for a project row even when the project id is a non-string value","status":"failed","title":"opens the task modal for a project row even when the project id is a non-string value","duration":992.0999999999995,"failureMessages":["TestingLibraryElementError: Unable to find an accessible element with the role \"button\" and name `/create task for numeric project/i`\n\nHere are the accessible roles:\n\n  heading:\n\n  Name \"Project view\":\n  \u001b[36m<h2\u001b[39m\n    \u001b[33mclass\u001b[39m=\u001b[32m\"project-view-title\"\u001b[39m\n  \u001b[36m/>\u001b[39m\n\n  --------------------------------------------------\n  textbox:\n\n  Name \"Project name Project name Project name Project name\":\n  \u001b[36m<input\u001b[39m\n    \u001b[33mclass\u001b[39m=\u001b[32m\"task-editor-input\"\u001b[39m\n    \u001b[33mid\u001b[39m=\u001b[32m\"project-name\"\u001b[39m\n    \u001b[33mplaceholder\u001b[39m=\u001b[32m\"My project\"\u001b[39m\n    \u001b[33mtype\u001b[39m=\u001b[32m\"text\"\u001b[39m\n    \u001b[33mvalue\u001b[39m=\u001b[32m\"Theatre production\"\u001b[39m\n  \u001b[36m/>\u001b[39m\n\n  Name \"Description\":\n  \u001b[36m<input\u001b[39m\n    \u001b[33mclass\u001b[39m=\u001b[32m\"task-editor-input\"\u001b[39m\n    \u001b[33mid\u001b[39m=\u001b[32m\"project-description\"\u001b[39m\n    \u001b[33mplaceholder\u001b[39m=\u001b[32m\"Project overview and goals\"\u001b[39m\n    \u001b[33mtype\u001b[39m=\u001b[32m\"text\"\u001b[39m\n    \u001b[33mvalue\u001b[39m=\u001b[32m\"Prepare the fall show.\"\u001b[39m\n  \u001b[36m/>\u001b[39m\n\n  Name \"Project category\":\n  \u001b[36m<input\u001b[39m\n    \u001b[33mclass\u001b[39m=\u001b[32m\"task-editor-input\"\u001b[39m\n    \u001b[33mid\u001b[39m=\u001b[32m\"project-category\"\u001b[39m\n    \u001b[33mplaceholder\u001b[39m=\u001b[32m\"Theatre\"\u001b[39m\n    \u001b[33mtype\u001b[39m=\u001b[32m\"text\"\u001b[39m\n    \u001b[33mvalue\u001b[39m=\u001b[32m\"Theatre\"\u001b[39m\n  \u001b[36m/>\u001b[39m\n\n  --------------------------------------------------\n  combobox:\n\n  Name \"Project type Project type Project type Project type\":\n  \u001b[36m<select\u001b[39m\n    \u001b[33mclass\u001b[39m=\u001b[32m\"task-editor-input\"\u001b[39m\n    \u001b[33mid\u001b[39m=\u001b[32m\"project-type\"\u001b[39m\n  \u001b[36m/>\u001b[39m\n\n  --------------------------------------------------\n  option:\n\n  Name \"Coding project\":\n  \u001b[36m<option\u001b[39m\n    \u001b[33mvalue\u001b[39m=\u001b[32m\"CODING\"\u001b[39m\n  \u001b[36m/>\u001b[39m\n\n  Name \"Non-coding project\":\n  \u001b[36m<option\u001b[39m\n    \u001b[33mvalue\u001b[39m=\u001b[32m\"NON_CODING\"\u001b[39m\n  \u001b[36m/>\u001b[39m\n\n  --------------------------------------------------\n  button:\n\n  Name \"Add project\":\n  \u001b[36m<button\u001b[39m\n    \u001b[33mclass\u001b[39m=\u001b[32m\"task-editor-submit\"\u001b[39m\n    \u001b[33mstyle\u001b[39m=\u001b[32m\"white-space: nowrap;\"\u001b[39m\n    \u001b[33mtype\u001b[39m=\u001b[32m\"submit\"\u001b[39m\n  \u001b[36m/>\u001b[39m\n\n  Name \"Create task for Backend API\":\n  \u001b[36m<button\u001b[39m\n    \u001b[33maria-label\u001b[39m=\u001b[32m\"Create task for Backend API\"\u001b[39m\n    \u001b[33mclass\u001b[39m=\u001b[32m\"task-editor-submit\"\u001b[39m\n    \u001b[33mtype\u001b[39m=\u001b[32m\"button\"\u001b[39m\n  \u001b[36m/>\u001b[39m\n\n  Name \"Create task for Local docs\":\n  \u001b[36m<button\u001b[39m\n    \u001b[33maria-label\u001b[39m=\u001b[32m\"Create task for Local docs\"\u001b[39m\n    \u001b[33mclass\u001b[39m=\u001b[32m\"task-editor-submit\"\u001b[39m\n    \u001b[33mtype\u001b[39m=\u001b[32m\"button\"\u001b[39m\n  \u001b[36m/>\u001b[39m\n\n  --------------------------------------------------\n  table:\n\n  Name \"\":\n  \u001b[36m<table\u001b[39m\n    \u001b[33mclass\u001b[39m=\u001b[32m\"project-view-table\"\u001b[39m\n    \u001b[33mrole\u001b[39m=\u001b[32m\"table\"\u001b[39m\n  \u001b[36m/>\u001b[39m\n\n  --------------------------------------------------\n  rowgroup:\n\n  Name \"\":\n  \u001b[36m<thead />\u001b[39m\n\n  Name \"\":\n  \u001b[36m<tbody />\u001b[39m\n\n  --------------------------------------------------\n  row:\n\n  Name \"Project Repository / Path GitHub Branch Task\":\n  \u001b[36m<tr />\u001b[39m\n\n  Name \"Backend API https://github.com/acme/backend.git — main 0 tasks Create task\":\n  \u001b[36m<tr />\u001b[39m\n\n  Name \"Local docs /workspace/docs — dev 0 tasks Create task\":\n  \u001b[36m<tr />\u001b[39m\n\n  --------------------------------------------------\n  columnheader:\n\n  Name \"Project\":\n  \u001b[36m<th />\u001b[39m\n\n  Name \"Repository / Path\":\n  \u001b[36m<th />\u001b[39m\n\n  Name \"GitHub\":\n  \u001b[36m<th />\u001b[39m\n\n  Name \"Branch\":\n  \u001b[36m<th />\u001b[39m\n\n  Name \"Task\":\n  \u001b[36m<th />\u001b[39m\n\n  --------------------------------------------------\n  cell:\n\n  Name \"Backend API\":\n  \u001b[36m<td />\u001b[39m\n\n  Name \"https://github.com/acme/backend.git\":\n  \u001b[36m<td />\u001b[39m\n\n  Name \"—\":\n  \u001b[36m<td />\u001b[39m\n\n  Name \"main\":\n  \u001b[36m<td />\u001b[39m\n\n  Name \"0 tasks Create task\":\n  \u001b[36m<td />\u001b[39m\n\n  Name \"Local docs\":\n  \u001b[36m<td />\u001b[39m\n\n  Name \"/workspace/docs\":\n  \u001b[36m<td />\u001b[39m\n\n  Name \"—\":\n  \u001b[36m<td />\u001b[39m\n\n  Name \"dev\":\n  \u001b[36m<td />\u001b[39m\n\n  Name \"0 tasks Create task\":\n  \u001b[36m<td />\u001b[39m\n\n  --------------------------------------------------\n  strong:\n\n  Name \"\":\n  \u001b[36m<strong />\u001b[39m\n\n  Name \"\":\n  \u001b[36m<strong />\u001b[39m\n\n  --------------------------------------------------heading:\n\n  Name \"Project view\":\n  \u001b[36m<h2\u001b[39m\n    \u001b[33mclass\u001b[39m=\u001b[32m\"project-view-title\"\u001b[39m\n  \u001b[36m/>\u001b[39m\n\n  --------------------------------------------------\n  textbox:\n\n  Name \"\":\n  \u001b[36m<input\u001b[39m\n    \u001b[33mclass\u001b[39m=\u001b[32m\"task-editor-input\"\u001b[39m\n    \u001b[33mid\u001b[39m=\u001b[32m\"project-name\"\u001b[39m\n    \u001b[33mplaceholder\u001b[39m=\u001b[32m\"My project\"\u001b[39m\n    \u001b[33mtype\u001b[39m=\u001b[32m\"text\"\u001b[39m\n    \u001b[33mvalue\u001b[39m=\u001b[32m\"\"\u001b[39m\n  \u001b[36m/>\u001b[39m\n\n  Name \"Git repository URL Git repository URL Git repository URL\":\n  \u001b[36m<input\u001b[39m\n    \u001b[33mclass\u001b[39m=\u001b[32m\"task-editor-input\"\u001b[39m\n    \u001b[33mid\u001b[39m=\u001b[32m\"project-repository-url\"\u001b[39m\n    \u001b[33mplaceholder\u001b[39m=\u001b[32m\"https://github.com/user/repo.git\"\u001b[39m\n    \u001b[33mtype\u001b[39m=\u001b[32m\"text\"\u001b[39m\n    \u001b[33mvalue\u001b[39m=\u001b[32m\"\"\u001b[39m\n  \u001b[36m/>\u001b[39m\n\n  Name \"GitHub account GitHub account GitHub account\":\n  \u001b[36m<input\u001b[39m\n    \u001b[33mclass\u001b[39m=\u001b[32m\"task-editor-input\"\u001b[39m\n    \u001b[33mid\u001b[39m=\u001b[32m\"project-github-account\"\u001b[39m\n    \u001b[33mplaceholder\u001b[39m=\u001b[32m\"octocat\"\u001b[39m\n    \u001b[33mtype\u001b[39m=\u001b[32m\"text\"\u001b[39m\n    \u001b[33mvalue\u001b[39m=\u001b[32m\"\"\u001b[39m\n  \u001b[36m/>\u001b[39m\n\n  Name \"Local folder path Local folder path Local folder path\":\n  \u001b[36m<input\u001b[39m\n    \u001b[33mclass\u001b[39m=\u001b[32m\"task-editor-input\"\u001b[39m\n    \u001b[33mid\u001b[39m=\u001b[32m\"project-local-path\"\u001b[39m\n    \u001b[33mplaceholder\u001b[39m=\u001b[32m\"/workspace/my-project\"\u001b[39m\n    \u001b[33mtype\u001b[39m=\u001b[32m\"text\"\u001b[39m\n    \u001b[33mvalue\u001b[39m=\u001b[32m\"\"\u001b[39m\n  \u001b[36m/>\u001b[39m\n\n  Name \"Branch Branch Branch\":\n  \u001b[36m<input\u001b[39m\n    \u001b[33mclass\u001b[39m=\u001b[32m\"task-editor-input\"\u001b[39m\n    \u001b[33mid\u001b[39m=\u001b[32m\"project-branch\"\u001b[39m\n    \u001b[33mplaceholder\u001b[39m=\u001b[32m\"main\"\u001b[39m\n    \u001b[33mtype\u001b[39m=\u001b[32m\"text\"\u001b[39m\n    \u001b[33mvalue\u001b[39m=\u001b[32m\"main\"\u001b[39m\n  \u001b[36m/>\u001b[39m\n\n  --------------------------------------------------\n  combobox:\n\n  Name \"\":\n  \u001b[36m<select\u001b[39m\n    \u001b[33mclass\u001b[39m=\u001b[32m\"task-editor-input\"\u001b[39m\n    \u001b[33mid\u001b[39m=\u001b[32m\"project-type\"\u001b[39m\n  \u001b[36m/>\u001b[39m\n\n  --------------------------------------------------\n  option:\n\n  Name \"Coding project\":\n  \u001b[36m<option\u001b[39m\n    \u001b[33mvalue\u001b[39m=\u001b[32m\"CODING\"\u001b[39m\n  \u001b[36m/>\u001b[39m\n\n  Name \"Non-coding project\":\n  \u001b[36m<option\u001b[39m\n    \u001b[33mvalue\u001b[39m=\u001b[32m\"NON_CODING\"\u001b[39m\n  \u001b[36m/>\u001b[39m\n\n  --------------------------------------------------\n  button:\n\n  Name \"Add project\":\n  \u001b[36m<button\u001b[39m\n    \u001b[33mclass\u001b[39m=\u001b[32m\"task-editor-submit\"\u001b[39m\n    \u001b[33mstyle\u001b[39m=\u001b[32m\"white-space: nowrap;\"\u001b[39m\n    \u001b[33mtype\u001b[39m=\u001b[32m\"submit\"\u001b[39m\n  \u001b[36m/>\u001b[39m\n\n  --------------------------------------------------\n  paragraph:\n\n  Name \"\":\n  \u001b[36m<p />\u001b[39m\n\n  --------------------------------------------------heading:\n\n  Name \"Project view\":\n  \u001b[36m<h2\u001b[39m\n    \u001b[33mclass\u001b[39m=\u001b[32m\"project-view-title\"\u001b[39m\n  \u001b[36m/>\u001b[39m\n\n  --------------------------------------------------\n  textbox:\n\n  Name \"\":\n  \u001b[36m<input\u001b[39m\n    \u001b[33mclass\u001b[39m=\u001b[32m\"task-editor-input\"\u001b[39m\n    \u001b[33mid\u001b[39m=\u001b[32m\"project-name\"\u001b[39m\n    \u001b[33mplaceholder\u001b[39m=\u001b[32m\"My project\"\u001b[39m\n    \u001b[33mtype\u001b[39m=\u001b[32m\"text\"\u001b[39m\n    \u001b[33mvalue\u001b[39m=\u001b[32m\"\"\u001b[39m\n  \u001b[36m/>\u001b[39m\n\n  Name \"\":\n  \u001b[36m<input\u001b[39m\n    \u001b[33mclass\u001b[39m=\u001b[32m\"task-editor-input\"\u001b[39m\n    \u001b[33mid\u001b[39m=\u001b[32m\"project-repository-url\"\u001b[39m\n    \u001b[33mplaceholder\u001b[39m=\u001b[32m\"https://github.com/user/repo.git\"\u001b[39m\n    \u001b[33mtype\u001b[39m=\u001b[32m\"text\"\u001b[39m\n    \u001b[33mvalue\u001b[39m=\u001b[32m\"\"\u001b[39m\n  \u001b[36m/>\u001b[39m\n\n  Name \"\":\n  \u001b[36m<input\u001b[39m\n    \u001b[33mclass\u001b[39m=\u001b[32m\"task-editor-input\"\u001b[39m\n    \u001b[33mid\u001b[39m=\u001b[32m\"project-github-account\"\u001b[39m\n    \u001b[33mplaceholder\u001b[39m=\u001b[32m\"octocat\"\u001b[39m\n    \u001b[33mtype\u001b[39m=\u001b[32m\"text\"\u001b[39m\n    \u001b[33mvalue\u001b[39m=\u001b[32m\"\"\u001b[39m\n  \u001b[36m/>\u001b[39m\n\n  Name \"\":\n  \u001b[36m<input\u001b[39m\n    \u001b[33mclass\u001b[39m=\u001b[32m\"task-editor-input\"\u001b[39m\n    \u001b[33mid\u001b[39m=\u001b[32m\"project-local-path\"\u001b[39m\n    \u001b[33mplaceholder\u001b[39m=\u001b[32m\"/workspace/my-project\"\u001b[39m\n    \u001b[33mtype\u001b[39m=\u001b[32m\"text\"\u001b[39m\n    \u001b[33mvalue\u001b[39m=\u001b[32m\"\"\u001b[39m\n  \u001b[36m/>\u001b[39m\n\n  Name \"\":\n  \u001b[36m<input\u001b[39m\n    \u001b[33mclass\u001b[39m=\u001b[32m\"task-editor-input\"\u001b[39m\n    \u001b[33mid\u001b[39m=\u001b[32m\"project-branch\"\u001b[39m\n    \u001b[33mplaceholder\u001b[39m=\u001b[32m\"main\"\u001b[39m\n    \u001b[33mtype\u001b[39m=\u001b[32m\"text\"\u001b[39m\n    \u001b[33mvalue\u001b[39m=\u001b[32m\"main\"\u001b[39m\n  \u001b[36m/>\u001b[39m\n\n  --------------------------------------------------\n  combobox:\n\n  Name \"\":\n  \u001b[36m<select\u001b[39m\n    \u001b[33mclass\u001b[39m=\u001b[32m\"task-editor-input\"\u001b[39m\n    \u001b[33mid\u001b[39m=\u001b[32m\"project-type\"\u001b[39m\n  \u001b[36m/>\u001b[39m\n\n  --------------------------------------------------\n  option:\n\n  Name \"Coding project\":\n  \u001b[36m<option\u001b[39m\n    \u001b[33mvalue\u001b[39m=\u001b[32m\"CODING\"\u001b[39m\n  \u001b[36m/>\u001b[39m\n\n  Name \"Non-coding project\":\n  \u001b[36m<option\u001b[39m\n    \u001b[33mvalue\u001b[39m=\u001b[32m\"NON_CODING\"\u001b[39m\n  \u001b[36m/>\u001b[39m\n\n  --------------------------------------------------\n  button:\n\n  Name \"Add project\":\n  \u001b[36m<button\u001b[39m\n    \u001b[33mclass\u001b[39m=\u001b[32m\"task-editor-submit\"\u001b[39m\n    \u001b[33mstyle\u001b[39m=\u001b[32m\"white-space: nowrap;\"\u001b[39m\n    \u001b[33mtype\u001b[39m=\u001b[32m\"submit\"\u001b[39m\n  \u001b[36m/>\u001b[39m\n\n  Name \"Create task for Backend API\":\n  \u001b[36m<button\u001b[39m\n    \u001b[33maria-label\u001b[39m=\u001b[32m\"Create task for Backend API\"\u001b[39m\n    \u001b[33mclass\u001b[39m=\u001b[32m\"task-editor-submit\"\u001b[39m\n    \u001b[33mtype\u001b[39m=\u001b[32m\"button\"\u001b[39m\n  \u001b[36m/>\u001b[39m\n\n  --------------------------------------------------\n  table:\n\n  Name \"\":\n  \u001b[36m<table\u001b[39m\n    \u001b[33mclass\u001b[39m=\u001b[32m\"project-view-table\"\u001b[39m\n    \u001b[33mrole\u001b[39m=\u001b[32m\"table\"\u001b[39m\n  \u001b[36m/>\u001b[39m\n\n  --------------------------------------------------\n  rowgroup:\n\n  Name \"\":\n  \u001b[36m<thead />\u001b[39m\n\n  Name \"\":\n  \u001b[36m<tbody />\u001b[39m\n\n  --------------------------------------------------\n  row:\n\n  Name \"Project Repository / Path GitHub Branch Task\":\n  \u001b[36m<tr />\u001b[39m\n\n  Name \"Backend API https://github.com/acme/backend.git — main 0 tasks Create task\":\n  \u001b[36m<tr />\u001b[39m\n\n  --------------------------------------------------\n  columnheader:\n\n  Name \"Project\":\n  \u001b[36m<th />\u001b[39m\n\n  Name \"Repository / Path\":\n  \u001b[36m<th />\u001b[39m\n\n  Name \"GitHub\":\n  \u001b[36m<th />\u001b[39m\n\n  Name \"Branch\":\n  \u001b[36m<th />\u001b[39m\n\n  Name \"Task\":\n  \u001b[36m<th />\u001b[39m\n\n  --------------------------------------------------\n  cell:\n\n  Name \"Backend API\":\n  \u001b[36m<td />\u001b[39m\n\n  Name \"https://github.com/acme/backend.git\":\n  \u001b[36m<td />\u001b[39m\n\n  Name \"—\":\n  \u001b[36m<td />\u001b[39m\n\n  Name \"main\":\n  \u001b[36m<td />\u001b[39m\n\n  Name \"0 tasks Create task\":\n  \u001b[36m<td />\u001b[39m\n\n  --------------------------------------------------\n  strong:\n\n  Name \"\":\n  \u001b[36m<strong />\u001b[39m\n\n  --------------------------------------------------heading:\n\n  Name \"Project view\":\n  \u001b[36m<h2\u001b[39m\n    \u001b[33mclass\u001b[39m=\u001b[32m\"project-view-title\"\u001b[39m\n  \u001b[36m/>\u001b[39m\n\n  --------------------------------------------------\n  textbox:\n\n  Name \"\":\n  \u001b[36m<input\u001b[39m\n    \u001b[33mclass\u001b[39m=\u001b[32m\"task-editor-input\"\u001b[39m\n    \u001b[33mid\u001b[39m=\u001b[32m\"project-name\"\u001b[39m\n    \u001b[33mplaceholder\u001b[39m=\u001b[32m\"My project\"\u001b[39m\n    \u001b[33mtype\u001b[39m=\u001b[32m\"text\"\u001b[39m\n    \u001b[33mvalue\u001b[39m=\u001b[32m\"\"\u001b[39m\n  \u001b[36m/>\u001b[39m\n\n  Name \"\":\n  \u001b[36m<input\u001b[39m\n    \u001b[33mclass\u001b[39m=\u001b[32m\"task-editor-input\"\u001b[39m\n    \u001b[33mid\u001b[39m=\u001b[32m\"project-repository-url\"\u001b[39m\n    \u001b[33mplaceholder\u001b[39m=\u001b[32m\"https://github.com/user/repo.git\"\u001b[39m\n    \u001b[33mtype\u001b[39m=\u001b[32m\"text\"\u001b[39m\n    \u001b[33mvalue\u001b[39m=\u001b[32m\"\"\u001b[39m\n  \u001b[36m/>\u001b[39m\n\n  Name \"\":\n  \u001b[36m<input\u001b[39m\n    \u001b[33mclass\u001b[39m=\u001b[32m\"task-editor-input\"\u001b[39m\n    \u001b[33mid\u001b[39m=\u001b[32m\"project-github-account\"\u001b[39m\n    \u001b[33mplaceholder\u001b[39m=\u001b[32m\"octocat\"\u001b[39m\n    \u001b[33mtype\u001b[39m=\u001b[32m\"text\"\u001b[39m\n    \u001b[33mvalue\u001b[39m=\u001b[32m\"\"\u001b[39m\n  \u001b[36m/>\u001b[39m\n\n  Name \"\":\n  \u001b[36m<input\u001b[39m\n    \u001b[33mclass\u001b[39m=\u001b[32m\"task-editor-input\"\u001b[39m\n    \u001b[33mid\u001b[39m=\u001b[32m\"project-local-path\"\u001b[39m\n    \u001b[33mplaceholder\u001b[39m=\u001b[32m\"/workspace/my-project\"\u001b[39m\n    \u001b[33mtype\u001b[39m=\u001b[32m\"text\"\u001b[39m\n    \u001b[33mvalue\u001b[39m=\u001b[32m\"\"\u001b[39m\n  \u001b[36m/>\u001b[39m\n\n  Name \"\":\n  \u001b[36m<input\u001b[39m\n    \u001b[33mclass\u001b[39m=\u001b[32m\"task-editor-input\"\u001b[39m\n    \u001b[33mid\u001b[39m=\u001b[32m\"project-branch\"\u001b[39m\n    \u001b[33mplaceholder\u001b[39m=\u001b[32m\"main\"\u001b[39m\n    \u001b[33mtype\u001b[39m=\u001b[32m\"text\"\u001b[39m\n    \u001b[33mvalue\u001b[39m=\u001b[32m\"main\"\u001b[39m\n  \u001b[36m/>\u001b[39m\n\n  --------------------------------------------------\n  combobox:\n\n  Name \"\":\n  \u001b[36m<select\u001b[39m\n    \u001b[33mclass\u001b[39m=\u001b[32m\"task-editor-input\"\u001b[39m\n    \u001b[33mid\u001b[39m=\u001b[32m\"project-type\"\u001b[39m\n  \u001b[36m/>\u001b[39m\n\n  --------------------------------------------------\n  option:\n\n  Name \"Coding project\":\n  \u001b[36m<option\u001b[39m\n    \u001b[33mvalue\u001b[39m=\u001b[32m\"CODING\"\u001b[39m\n  \u001b[36m/>\u001b[39m\n\n  Name \"Non-coding project\":\n  \u001b[36m<option\u001b[39m\n    \u001b[33mvalue\u001b[39m=\u001b[32m\"NON_CODING\"\u001b[39m\n  \u001b[36m/>\u001b[39m\n\n  --------------------------------------------------\n  button:\n\n  Name \"Add project\":\n  \u001b[36m<button\u001b[39m\n    \u001b[33mclass\u001b[39m=\u001b[32m\"task-editor-submit\"\u001b[39m\n    \u001b[33mstyle\u001b[39m=\u001b[32m\"white-space: nowrap;\"\u001b[39m\n    \u001b[33mtype\u001b[39m=\u001b[32m\"submit\"\u001b[39m\n  \u001b[36m/>\u001b[39m\n\n  --------------------------------------------------\n  paragraph:\n\n  Name \"\":\n  \u001b[36m<p />\u001b[39m\n\n  --------------------------------------------------\n\nIgnored nodes: comments, script, style\n\u00
[...]
ut\u001b[39m\n            \u001b[33mclass\u001b[39m=\u001b[32m\"task-editor-input\"\u001b[39m\n            \u001b[33mid\u001b[39m=\u001b[32m\"project-category\"\u001b[39m\n            \u001b[33mplaceholder\u001b[39m=\u001b[32m\"Theatre\"\u001b[39m\n            \u001b[33mtype\u001b[39m=\u001b[32m\"text\"\u001b[39m\n            \u001b[33mvalue\u001b[39m=\u001b[32m\"Theatre\"\u001b[39m\n          \u001b[36m/>\u001b[39m\n        \u001b[36m</div>\u001b[39m\n        \u001b[36m<div\u001b[39m\n          \u001b[33mclass\u001b[39m=\u001b[32m\"task-editor-field\"\u001b[39m\n        \u001b[36m>\u001b[39m\n          \u001b[36m<label\u001b[39m\n            \u001b[33mfor\u001b[39m=\u001b[32m\"project-end-date\"\u001b[39m\n          \u001b[36m>\u001b[39m\n            \u001b[0mEnd date\u001b[0m\n          \u001b[36m</label>\u001b[39m\n          \u001b[36m<input\u001b[39m\n            \u001b[33mclass\u001b[39m=\u001b[32m\"task-editor-input\"\u001b[39m\n            \u001b[33mid\u001b[39m=\u001b[32m\"project-end-date\"\u001b[39m\n            \u001b[33mtype\u001b[39m=\u001b[32m\"date\"\u001b[39m\n            \u001b[33mvalue\u001b[39m=\u001b[32m\"2026-10-15\"\u001b[39m\n          \u001b[36m/>\u001b[39m\n        \u001b[36m</div>\u001b[39m\n        \u001b[36m<button\u001b[39m\n          \u001b[33mclass\u001b[39m=\u001b[32m\"task-editor-submit\"\u001b[39m\n          \u001b[33mstyle\u001b[39m=\u001b[32m\"white-space: nowrap;\"\u001b[39m\n          \u001b[33mtype\u001b[39m=\u001b[32m\"submit\"\u001b[39m\n        \u001b[36m>\u001b[39m\n          \u001b[0mAdd project\u001b[0m\n        \u001b[36m</button>\u001b[39m\n      \u001b[36m</form>\u001b[39m\n      \u001b[36m<div\u001b[39m\n        \u001b[33mclass\u001b[39m=\u001b[32m\"project-view-table-wrapper\"\u001b[39m\n      \u001b[36m>\u001b[39m\n        \u001b[36m<table\u001b[39m\n          \u001b[33mclass\u001b[39m=\u001b[32m\"project-view-table\"\u001b[39m\n          \u001b[33mrole\u001b[39m=\u001b[32m\"table\"\u001b[39m\n        \u001b[36m>\u001b[39m\n          \u001b[36m<colgroup>\u001b[39m\n            \u001b[36m<col\u001b[39m\n              \u001b[33mstyle\u001b[39m=\u001b[32m\"width: 18%;\"\u001b[39m\n            \u001b[36m/>\u001b[39m\n            \u001b[36m<col\u001b[39m\n              \u001b[33mstyle\u001b[39m=\u001b[32m\"width: 28%;\"\u001b[39m\n            \u001b[36m/>\u001b[39m\n            \u001b[36m<col\u001b[39m\n              \u001b[33mstyle\u001b[39m=\u001b[32m\"width: 12%;\"\u001b[39m\n            \u001b[36m/>\u001b[39m\n            \u001b[36m<col\u001b[39m\n              \u001b[33mstyle\u001b[39m=\u001b[32m\"width: 12%;\"\u001b[39m\n            \u001b[36m/>\u001b[39m\n            \u001b[36m<col\u001b[39m\n              \u001b[33mstyle\u001b[39m=\u001b[32m\"width: 30%;\"\u001b[39m\n            \u001b[36m/>\u001b[39m\n          \u001b[36m</colgroup>\u001b[39m\n          \u001b[36m<thead>\u001b[39m\n            \u001b[36m<tr>\u001b[39m\n              \u001b[36m<th>\u001b[39m\n                \u001b[0mProject\u001b[0m\n              \u001b[36m</th>\u001b[39m\n              \u001b[36m<th>\u001b[39m\n                \u001b[0mRepository / Path\u001b[0m\n              \u001b[36m</th>\u001b[39m\n              \u001b[36m<th>\u001b[39m\n                \u001b[0mGitHub\u001b[0m\n              \u001b[36m</th>\u001b[39m\n              \u001b[36m<th>\u001b[39m\n                \u001b[0mBranch\u001b[0m\n              \u001b[36m</th>\u001b[39m\n              \u001b[36m<th>\u001b[39m\n                \u001b[0mTask\u001b[0m\n              \u001b[36m</th>\u001b[39m\n            \u001b[36m</tr>\u001b[39m\n          \u001b[36m</thead>\u001b[39m\n          \u001b[36m<tbody>\u001b[39m\n            \u001b[36m<tr>\u001b[39m\n              \u001b[36m<td>\u001b[39m\n                \u001b[36m<strong>\u001b[39m\n                  \u001b[0mBackend API\u001b[0m\n                \u001b[36m</strong>\u001b[39m\n              \u001b[36m</td>\u001b[39m\n              \u001b[36m<td>\u001b[39m\n                \u001b[0mhttps://github.com/acme/backend.git\u001b[0m\n              \u001b[36m</td>\u001b[39m\n              \u001b[36m<td>\u001b[39m\n                \u001b[0m—\u001b[0m\n              \u001b[36m</td>\u001b[39m\n              \u001b[36m<td>\u001b[39m\n                \u001b[0mmain\u001b[0m\n              \u001b[36m</td>\u001b[39m\n              \u001b[36m<td>\u001b[39m\n                \u001b[36m<div\u001b[39m\n                  \u001b[33mstyle\u001b[39m=\u001b[32m\"display: flex; align-items: center; gap: 8px; flex-wrap: wrap;\"\u001b[39m\n                \u001b[36m>\u001b[39m\n                  \u001b[36m<span\u001b[39m\n                    \u001b[33mstyle\u001b[39m=\u001b[32m\"min-width: 3ch; font-weight: 600; color: rgb(45, 55, 72);\"\u001b[39m\n                  \u001b[36m>\u001b[39m\n                    \u001b[0m0 tasks\u001b[0m\n                  \u001b[36m</span>\u001b[39m\n                  \u001b[36m<button\u001b[39m\n                    \u001b[33maria-label\u001b[39m=\u001b[32m\"Create task for Backend API\"\u001b[39m\n                    \u001b[33mclass\u001b[39m=\u001b[32m\"task-editor-submit\"\u001b[39m\n                    \u001b[33mtype\u001b[39m=\u001b[32m\"button\"\u001b[39m\n                  \u001b[36m>\u001b[39m\n                    \u001b[0mCreate task\u001b[0m\n                  \u001b[36m</button>\u001b[39m\n                \u001b[36m</div>\u001b[39m\n              \u001b[36m</td>\u001b[39m\n            \u001b[36m</tr>\u001b[39m\n            \u001b[36m<tr>\u001b[39m\n              \u001b[36m<td>\u001b[39m\n                \u001b[36m<strong>\u001b[39m\n          ...\n    at Object.getElementError (C:\\Users\\el jeffe\\OneDrive\\Bureau\\Projects\\smart-task-manager\\frontend\\frontend\\node_modules\\@testing-library\\dom\\dist\\config.js:37:19)\n    at C:\\Users\\el jeffe\\OneDrive\\Bureau\\Projects\\smart-task-manager\\frontend\\frontend\\node_modules\\@testing-library\\dom\\dist\\query-helpers.js:76:38\n    at C:\\Users\\el jeffe\\OneDrive\\Bureau\\Projects\\smart-task-manager\\frontend\\frontend\\node_modules\\@testing-library\\dom\\dist\\query-helpers.js:52:17\n    at C:\\Users\\el jeffe\\OneDrive\\Bureau\\Projects\\smart-task-manager\\frontend\\frontend\\node_modules\\@testing-library\\dom\\dist\\query-helpers.js:95:19\n    at C:/Users/el jeffe/OneDrive/Bureau/Projects/smart-task-manager/frontend/frontend/src/components/ProjectView.test.tsx:110:28\n    at file:///C:/Users/el%20jeffe/OneDrive/Bureau/Projects/smart-task-manager/frontend/frontend/node_modules/@vitest/runner/dist/chunk-artifact.js:302:11\n    at file:///C:/Users/el%20jeffe/OneDrive/Bureau/Projects/smart-task-manager/frontend/frontend/node_modules/@vitest/runner/dist/chunk-artifact.js:1903:26\n    at file:///C:/Users/el%20jeffe/OneDrive/Bureau/Projects/smart-task-manager/frontend/frontend/node_modules/@vitest/runner/dist/chunk-artifact.js:2326:20\n    at new Promise (<anonymous>)\n    at runWithCancel (file:///C:/Users/el%20jeffe/OneDrive/Bureau/Projects/smart-task-manager/frontend/frontend/node_modules/@vitest/runner/dist/chunk-artifact.js:2323:10)"],"meta":{},"tags":[]},{"ancestorTitles":["ProjectView"],"fullName":"ProjectView sends a numeric projectId when creating a task from a project modal","status":"failed","title":"sends a numeric projectId when creating a task from a project modal","duration":105.09760000000006,"failureMessages":["TestingLibraryElementError: Found multiple elements with the role \"button\" and name `/create task for backend api/i`\n\nHere are the matching elements:\n\nIgnored nodes: comments, script, style\n\u001b[36m<button\u001b[39m\n  \u001b[33maria-label\u001b[39m=\u001b[32m\"Create task for Backend API\"\u001b[39m\n  \u001b[33mclass\u001b[39m=\u001b[32m\"task-editor-submit\"\u001b[39m\n  \u001b[33mtype\u001b[39m=\u001b[32m\"button\"\u001b[39m\n\u001b[36m>\u001b[39m\n  \u001b[0mCreate task\u001b[0m\n\u001b[36m</button>\u001b[39m\n\nIgnored nodes: comments, script, style\n\u001b[36m<button\u001b[39m\n  \u001b[33maria-label\u001b[39m=\u001b[32m\"Create task for Backend API\"\u001b[39m\n  \u001b[33mclass\u001b[39m=\u001b[32m\"task-editor-submit\"\u001b[39m\n  \u001b[33mtype\u001b[39m=\u001b[32m\"button\"\u001b[39m\n\u001b[36m>\u001b[39m\n  \u001b[0mCreate task\u001b[0m\n\u001b[36m</button>\u001b[39m\n\n(If this is intentional, then use the `*AllBy*` variant of the query (like `queryAllByText`, `getAllByText`, or `findAllByText`)).\n\nIgnored nodes: comments, script, style\n\u001b[36m<body>\u001b[39m\n  \u001b[36m<div>\u001b[39m\n    \u001b[36m<section\u001b[39m\n      \u001b[33mclass\u001b[39m=\u001b[32m\"project-view\"\u001b[39m\n    \u001b[36m>\u001b[39m\n      \u001b[36m<div\u001b[39m\n        \u001b[33mclass\u001b[39m=\u001b[32m\"project-view-header\"\u001b[39m\n      \u001b[36m>\u001b[39m\n        \u001b[36m<h2\u001b[39m\n          \u001b[33mclass\u001b[39m=\u001b[32m\"project-view-title\"\u001b[39m\n        \u001b[36m>\u001b[39m\n          \u001b[0mProject view\u001b[0m\n        \u001b[36m</h2>\u001b[39m\n      \u001b[36m</div>\u001b[39m\n      \u001b[36m<form\u001b[39m\n        \u001b[33mclass\u001b[39m=\u001b[32m\"task-editor-fields project-view-form\"\u001b[39m\n        \u001b[33mstyle\u001b[39m=\u001b[32m\"grid-template-columns: 18fr 28fr 12fr 12fr 30fr auto;\"\u001b[39m\n      \u001b[36m>\u001b[39m\n        \u001b[36m<div\u001b[39m\n          \u001b[33mclass\u001b[39m=\u001b[32m\"task-editor-field\"\u001b[39m\n        \u001b[36m>\u001b[39m\n          \u001b[36m<label\u001b[39m\n            \u001b[33mfor\u001b[39m=\u001b[32m\"project-name\"\u001b[39m\n          \u001b[36m>\u001b[39m\n            \u001b[0mProject name\u001b[0m\n          \u001b[36m</label>\u001b[39m\n          \u001b[36m<input\u001b[39m\n            \u001b[33mclass\u001b[39m=\u001b[32m\"task-editor-input\"\u001b[39m\n            \u001b[33mid\u001b[39m=\u001b[32m\"project-name\"\u001b[39m\n            \u001b[33mplaceholder\u001b[39m=\u001b[32m\"My project\"\u001b[39m\n            \u001b[33mtype\u001b[39m=\u001b[32m\"text\"\u001b[39m\n            \u001b[33mvalue\u001b[39m=\u001b[32m\"Theatre production\"\u001b[39m\n          \u001b[36m/>\u001b[39m\n        \u001b[36m</div>\u001b[39m\n        \u001b[36m<div\u001b[39m\n          \u001b[33mclass\u001b[39m=\u001b[32m\"task-editor-field\"\u001b[39m\n        \u001b[36m>\u001b[39m\n          \u001b[36m<label\u001b[39m\n            \u001b[33mfor\u001b[39m=\u001b[32m\"project-type\"\u001b[39m\n          \u001b[36m>\u001b[39m\n            \u001b[0mProject type\u001b[0m\n          \u001b[36m</label>\u001b[39m\n          \u001b[36m<select\u001b[39m\n            \u001b[33mclass\u001b[39m=\u001b[32m\"task-editor-input\"\u001b[39m\n            \u001b[33mid\u001b[39m=\u001b[32m\"project-type\"\u001b[39m\n          \u001b[36m>\u001b[39m\n            \u001b[36m<option\u001b[39m\n              \u001b[33mvalue\u001b[39m=\u001b[32m\"CODING\"\u001b[39m\n            \u001b[36m>\u001b[39m\n              \u001b[0mCoding project\u001b[0m\n            \u001b[36m</option>\u001b[39m\n            \u001b[36m<option\u001b[39m\n              \u001b[33mvalue\u001b[39m=\u001b[32m\"NON_CODING\"\u001b[39m\n            \u001b[36m>\u001b[39m\n              \u001b[0mNon-coding project\u001b[0m\n            \u001b[36m</option>\u001b[39m\n          \u001b[36m</select>\u001b[39m\n        \u001b[36m</div>\u001b[39m\n        \u001b[36m<div\u001b[39m\n          \u001b[33mclass\u001b[39m=\u001b[32m\"task-editor-field\"\u001b[39m\n        \u001b[36m>\u001b[39m\n          \u001b[36m<label\u001b[39m\n            \u001b[33mfor\u001b[39m=\u001b[32m\"project-description\"\u001b[39m\n          \u001b[36m>\u001b[39m\n            \u001b[0mDescription\u001b[0m\n          \u001b[36m</label>\u001b[39m\n          \u001b[36m<input\u001b[39m\n            \u001b[33mclass\u001b[39m=\u001b[32m\"task-editor-input\"\u001b[39m\n            \u001b[33mid\u001b[39m=\u001b[32m\"project-description\"\u001b[39m\n            \u001b[33mplaceholder\u001b[39m=\u001b[32m\"Project overview and goals\"\u001b[39m\n            \u001b[33mtype\u001b[39m=\u001b[32m\"text\"\u001b[39m\n            \u001b[33mvalue\u001b[39m=\u001b[32m\"Prepare the fall show.\"\u001b[39m\n          \u001b[36m/>\u001b[39m\n        \u001b[36m</div>\u001b[39m\n        \u001b[36m<div\u001b[39m\n          \u001b[33mclass\u001b[39m=\u001b[32m\"task-editor-field\"\u001b[39m\n        \u001b[36m>\u001b[39m\n          \u001b[36m<label\u001b[39m\n            \u001b[33mfor\u001b[39m=\u001b[32m\"project-category\"\u001b[39m\n          \u001b[36m>\u001b[39m\n            \u001b[0mProject category\u001b[0m\n          \u001b[36m</label>\u001b[39m\n          \u001b[36m<input\u001b[39m\n            \u001b[33mclass\u001b[39m=\u001b[32m\"task-editor-input\"\u001b[39m\n            \u001b[33mid\u001b[39m=\u001b[32m\"project-category\"\u001b[39m\n            \u001b[33mplaceholder\u001b[39m=\u001b[32m\"Theatre\"\u001b[39m\n            \u001b[33mtype\u001b[39m=\u001b[32m\"text\"\u001b[39m\n            \u001b[33mvalue\u001b[39m=\u001b[32m\"Theatre\"\u001b[39m\n          \u001b[36m/>\u001b[39m\n        \u001b[36m</div>\u001b[39m\n        \u001b[36m<div\u001b[39m\n          \u001b[33mclass\u001b[39m=\u001b[32m\"task-editor-field\"\u001b[39m\n        \u001b[36m>\u001b[39m\n          \u001b[36m<label\u001b[39m\n            \u001b[33mfor\u001b[39m=\u001b[32m\"project-end-date\"\u001b[39m\n          \u001b[36m>\u001b[39m\n            \u001b[0mEnd date\u001b[0m\n          \u001b[36m</label>\u001b[39m\n          \u001b[36m<input\u001b[39m\n            \u001b[33mclass\u001b[39m=\u001b[32m\"task-editor-input\"\u001b[39m\n            \u001b[33mid\u001b[39m=\u001b[32m\"project-end-date\"\u001b[39m\n            \u001b[33mtype\u001b[39m=\u001b[32m\"date\"\u001b[39m\n            \u001b[33mvalue\u001b[39m=\u001b[32m\"2026-10-15\"\u001b[39m\n          \u001b[36m/>\u001b[39m\n        \u001b[36m</div>\u001b[39m\n        \u001b[36m<button\u001b[39m\n          \u001b[33mclass\u001b[39m=\u001b[32m\"task-editor-submit\"\u001b[39m\n          \u001b[33mstyle\u001b[39m=\u001b[32m\"white-space: nowrap;\"\u001b[39m\n          \u001b[33mtype\u001b[39m=\u001b[32m\"submit\"\u001b[39m\n        \u001b[36m>\u001b[39m\n          \u001b[0mAdd project\u001b[0m\n        \u001b[36m</button>\u001b[39m\n      \u001b[36m</form>\u001b[39m\n      \u001b[36m<div\u001b[39m\n        \u001b[33mclass\u001b[39m=\u001b[32m\"project-view-table-wrapper\"\u001b[39m\n      \u001b[36m>\u001b[39m\n        \u001b[36m<table\u001b[39m\n          \u001b[33mclass\u001b[39m=\u001b[32m\"project-view-table\"\u001b[39m\n          \u001b[33mrole\u001b[39m=\u001b[32m\"table\"\u001b[39m\n        \u001b[36m>\u001b[39m\n          \u001b[36m<colgroup>\u001b[39m\n            \u001b[36m<col\u001b[39m\n              \u001b[33mstyle\u001b[39m=\u001b[32m\"width: 18%;\"\u001b[39m\n            \u001b[36m/>\u001b[39m\n            \u001b[36m<col\u001b[39m\n              \u001b[33mstyle\u001b[39m=\u001b[32m\"width: 28%;\"\u001b[39m\n            \u001b[36m/>\u001b[39m\n            \u001b[36m<col\u001b[39m\n              \u001b[33mstyle\u001b[39m=\u001b[32m\"width: 12%;\"\u001b[39m\n            \u001b[36m/>\u001b[39m\n            \u001b[36m<col\u001b[39m\n              \u001b[33mstyle\u001b[39m=\u001b[32m\"width: 12%;\"\u001b[39m\n            \u001b[36m/>\u001b[39m\n            \u001b[36m<col\u001b[39m\n              \u001b[33mstyle\u001b[39m=\u001b[32m\"width: 30%;\"\u001b[39m\n            \u001b[36m/>\u001b[39m\n          \u001b[36m</colgroup>\u001b[39m\n          \u001b[36m<thead>\u001b[39m\n            \u001b[36m<tr>\u001b[39m\n              \u001b[36m<th>\u001b[39m\n                \u001b[0mProject\u001b[0m\n              \u001b[36m</th>\u001b[39m\n              \u001b[36m<th>\u001b[39m\n                \u001b[0mRepository / Path\u001b[0m\n              \u001b[36m</th>\u001b[39m\n              \u001b[36m<th>\u001b[39m\n                \u001b[0mGitHub\u001b[0m\n              \u001b[36m</th>\u001b[39m\n              \u001b[36m<th>\u001b[39m\n                \u001b[0mBranch\u001b[0m\n              \u001b[36m</th>\u001b[39m\n              \u001b[36m<th>\u001b[39m\n                \u001b[0mTask\u001b[0m\n              \u001b[36m</th>\u001b[39m\n            \u001b[36m</tr>\u001b[39m\n          \u001b[36m</thead>\u001b[39m\n          \u001b[36m<tbody>\u001b[39m\n            \u001b[36m<tr>\u001b[39m\n              \u001b[36m<td>\u001b[39m\n                \u001b[36m<strong>\u001b[39m\n                  \u001b[0mBackend API\u001b[0m\n                \u001b[36m</strong>\u001b[39m\n              \u001b[36m</td>\u001b[39m\n              \u001b[36m<td>\u001b[39m\n                \u001b[0mhttps://github.com/acme/backend.git\u001b[0m\n              \u001b[36m</td>\u001b[39m\n              \u001b[36m<td>\u001b[39m\n                \u001b[0m—\u001b[0m\n              \u001b[36m</td>\u001b[39m\n              \u001b[36m<td>\u001b[39m\n                \u001b[0mmain\u001b[0m\n              \u001b[36m</td>\u001b[39m\n              \u001b[36m<td>\u001b[39m\n                \u001b[36m<div\u001b[39m\n                  \u001b[33mstyle\u001b[39m=\u001b[32m\"display: flex; align-items: center; gap: 8px; flex-wrap: wrap;\"\u001b[39m\n                \u001b[36m>\u001b[39m\n                  \u001b[36m<span\u001b[39m\n                    \u001b[33mstyle\u001b[39m=\u001b[32m\"min-width: 3ch; font-weight: 600; color: rgb(45, 55, 72);\"\u001b[39m\n                  \u001b[36m>\u001b[39m\n                    \u001b[0m0 tasks\u001b[0m\n                  \u001b[36m</span>\u001b[39m\n                  \u001b[36m<button\u001b[39m\n                    \u001b[33maria-label\u001b[39m=\u001b[32m\"Create task for Backend API\"\u001b[39m\n                    \u001b[33mclass\u001b[39m=\u001b[32m\"task-editor-submit\"\u001b[39m\n                    \u001b[33mtype\u001b[39m=\u001b[32m\"button\"\u001b[39m\n                  \u001b[36m>\u001b[39m\n                    \u001b[0mCreate task\u001b[0m\n                  \u001b[36m</button>\u001b[39m\n                \u001b[36m</div>\u001b[39m\n              \u001b[36m</td>\u001b[39m\n            \u001b[36m</tr>\u001b[39m\n            \u001b[36m<tr>\u001b[39m\n              \u001b[36m<td>\u001b[39m\n                \u001b[36m<strong>\u001b[39m\n          ...\n    at Object.getElementError (C:\\Users\\el jeffe\\OneDrive\\Bureau\\Projects\\smart-task-manager\\frontend\\frontend\\node_modules\\@testing-library\\dom\\dist\\config.js:37:19)\n    at getElementError (C:\\Users\\el jeffe\\OneDrive\\Bureau\\Projects\\smart-task-manager\\frontend\\frontend\\node_modules\\@testing-library\\dom\\dist\\query-helpers.js:20:35)\n    at getMultipleElementsFoundError (C:\\Users\\el jeffe\\OneDrive\\Bureau\\Projects\\smart-task-manager\\frontend\\frontend\\node_modules\\@testing-library\\dom\\dist\\query-helpers.js:23:10)\n    at C:\\Users\\el jeffe\\OneDrive\\Bureau\\Projects\\smart-task-manager\\frontend\\frontend\\node_modules\\@testing-library\\dom\\dist\\query-helpers.js:55:13\n    at C:\\Users\\el jeffe\\OneDrive\\Bureau\\Projects\\smart-task-manager\\frontend\\frontend\\node_modules\\@testing-library\\dom\\dist\\query-helpers.js:95:19\n    at C:/Users/el jeffe/OneDrive/Bureau/Projects/smart-task-manager/frontend/frontend/src/components/ProjectView.test.tsx:129:28\n    at file:///C:/Users/el%20jeffe/OneDrive/Bureau/Projects/smart-task-manager/frontend/frontend/node_modules/@vitest/runner/dist/chunk-artifact.js:302:11\n    at file:///C:/Users/el%20jeffe/OneDrive/Bureau/Projects/smart-task-manager/frontend/frontend/node_modules/@vitest/runner/dist/chunk-artifact.js:1903:26\n    at file:///C:/Users/el%20jeffe/OneDrive/Bureau/Projects/smart-task-manager/frontend/frontend/node_modules/@vitest/runner/dist/chunk-artifact.js:2326:20\n    at new Promise (<anonymous>)"],"meta":{},"tags":[]}],"startTime":1790127202364,"endTime":1790127204835.0977,"status":"failed","message":"","name":"C:/Users/el jeffe/OneDrive/Bureau/Projects/smart-task-manager/frontend/frontend/src/components/ProjectView.test.tsx"}]}