{"numTotalTestSuites":4,"numPassedTestSuites":4,"numFailedTestSuites":0,"numPendingTestSuites":0,"numTotalTests":7,"numPassedTests":7,"numFailedTests":0,"numPendingTests":0,"numTodoTests":0,"snapshot":{"added":0,"failure":false,"filesAdded":0,"filesRemoved":0,"filesRemovedList":[],"filesUnmatched":0,"filesUpdated":0,"matched":0,"total":0,"unchecked":0,"uncheckedKeysByFile":[],"unmatched":0,"updated":0,"didUpdate":false},"startTime":1790127742578,"success":true,"testResults":[{"assertionResults":[{"ancestorTitles":["ProjectView"],"fullName":"ProjectView renders all available projects in the list view","status":"passed","title":"renders all available projects in the list view","duration":263.4335000000001,"failureMessages":[],"meta":{},"tags":[]},{"ancestorTitles":["ProjectView"],"fullName":"ProjectView supports non-coding projects with description, category, and end date fields","status":"passed","title":"supports non-coding projects with description, category, and end date fields","duration":190.77419999999984,"failureMessages":[],"meta":{},"tags":[]},{"ancestorTitles":["ProjectView"],"fullName":"ProjectView allows creating a standalone task from the list view without assigning a project","status":"passed","title":"allows creating a standalone task from the list view without assigning a project","duration":198.4661000000001,"failureMessages":[],"meta":{},"tags":[]},{"ancestorTitles":["ProjectView"],"fullName":"ProjectView opens the task modal for a project row even when the project id is a non-string value","status":"passed","title":"opens the task modal for a project row even when the project id is a non-string value","duration":86.04070000000002,"failureMessages":[],"meta":{},"tags":[]},{"ancestorTitles":["ProjectView"],"fullName":"ProjectView sends a numeric projectId when creating a task from a project modal","status":"passed","title":"sends a numeric projectId when creating a task from a project modal","duration":164.05999999999995,"failureMessages":[],"meta":{},"tags":[]}],"startTime":1790127745510,"endTime":1790127746413.06,"status":"passed","message":"","name":"C:/Users/el jeffe/OneDrive/Bureau/Projects/smart-task-manager/frontend/frontend/src/components/ProjectView.test.tsx"},{"assertionResults":[{"ancestorTitles":["TaskList UI edit flow"],"fullName":"TaskList UI edit flow keeps incomplete tasks above completed ones and sorts each group by due date ascending","status":"passed","title":"keeps incomplete tasks above completed ones and sorts each group by due date ascending","duration":136.6896999999999,"failureMessages":[],"meta":{},"tags":[]},{"ancestorTitles":["TaskList UI edit flow"],"fullName":"TaskList UI edit flow transitions parent task from IN_PROGRESS to DONE after completing remaining subtask","status":"passed","title":"transitions parent task from IN_PROGRESS to DONE after completing remaining subtask","duration":1109.6210999999998,"failureMessages":[],"meta":{},"tags":[]}],"startTime":1790127745659,"endTime":1790127746905.621,"status":"passed","message":"","name":"C:/Users/el jeffe/OneDrive/Bureau/Projects/smart-task-manager/frontend/frontend/src/components/TaskList.ui.test.tsx"}]}